<test-run id="2" testcasecount="145" result="Passed" start-time="2024-11-26 08:28:08.537562" end-time="2024-11-26 08:29:44.918456" duration="96" total="145" passed="145" failed="0" inconclusive="0" skipped="0" asserts="0" clr-version="3.9.6 (default, Oct  4 2024, 08:01:31) &#10;[Clang 16.0.0 (clang-1600.0.26.4)]" engine-version="3.6.2"><command-line>/Users/omri.mendels/Library/Caches/pypoetry/virtualenvs/presidio-evaluator-nCKHFi6i-py3.9/bin/pytest --runslow</command-line><filter /><test-suite id="tests/test_record_generator.py" name="tests/test_record_generator.py" fullname="tests/test_record_generator.py" methodname="" classname="" runstate="Runnable" type="Assembly" testcasecount="7" result="Passed" label="" start-time="2024-11-26 08:29:21.237304" end-time="2024-11-26 08:29:21.804846" duration="0.567542" asserts="0" total="7" passed="7" failed="0" warnings="0" inconclusive="0" skipped="0"><properties><property name="python_version" value="3.9.6 (default, Oct  4 2024, 08:01:31) &#10;[Clang 16.0.0 (clang-1600.0.26.4)]" /></properties><test-case id="191" name="tests/test_record_generator.py::test_record_generator[My name is {{name}} and my email is {{email}}-My name is 1 and my email is a]" fullname="tests/test_record_generator.py::test_record_generator[My name is {{name}} and my email is {{email}}-My name is 1 and my email is a]" methodname="test_record_generator[My name is {{name}} and my email is {{email}}-My name is 1 and my email is a]" classname="tests/test_record_generator.py" runstate="Runnable" seed="1" result="Passed" label="" start-time="2024-11-26 08:29:21.237304" end-time="2024-11-26 08:29:21.358937" duration="0.121633" asserts="0"><properties><property name="python-version" value="3.9.6 (default, Oct  4 2024, 08:01:31) &#10;[Clang 16.0.0 (clang-1600.0.26.4)]" /><property name="fspath" value="tests/test_record_generator.py" /></properties><environment framework-version="3.6.2" clr-version="3.9.6 (default, Oct  4 2024, 08:01:31) &#10;[Clang 16.0.0 (clang-1600.0.26.4)]" os-version="24.1.0" platform="Darwin" cwd="/Users/omri.mendels/Library/CloudStorage/OneDrive-Microsoft/Projects/presidio/code/presidio-research" machine-name="arm64" user="" user-domain="" culture="en-US" uiculture="en-US" os-architecture="64bit" /><failure><message><![CDATA[]]></message><stack-trace><![CDATA[None]]></stack-trace></failure><reason><message><![CDATA[]]></message></reason><output><![CDATA[]]></output></test-case><test-case id="192" name="tests/test_record_generator.py::test_record_generator[My name is {{name}}-My name is 1]" fullname="tests/test_record_generator.py::test_record_generator[My name is {{name}}-My name is 1]" methodname="test_record_generator[My name is {{name}}-My name is 1]" classname="tests/test_record_generator.py" runstate="Runnable" seed="1" result="Passed" label="" start-time="2024-11-26 08:29:21.359294" end-time="2024-11-26 08:29:21.429928" duration="0.070634" asserts="0"><properties><property name="python-version" value="3.9.6 (default, Oct  4 2024, 08:01:31) &#10;[Clang 16.0.0 (clang-1600.0.26.4)]" /><property name="fspath" value="tests/test_record_generator.py" /></properties><environment framework-version="3.6.2" clr-version="3.9.6 (default, Oct  4 2024, 08:01:31) &#10;[Clang 16.0.0 (clang-1600.0.26.4)]" os-version="24.1.0" platform="Darwin" cwd="/Users/omri.mendels/Library/CloudStorage/OneDrive-Microsoft/Projects/presidio/code/presidio-research" machine-name="arm64" user="" user-domain="" culture="en-US" uiculture="en-US" os-architecture="64bit" /><failure><message><![CDATA[]]></message><stack-trace><![CDATA[None]]></stack-trace></failure><reason><message><![CDATA[]]></message></reason><output><![CDATA[]]></output></test-case><test-case id="193" name="tests/test_record_generator.py::test_record_generator[My name is {{name}} {{foo}}.-My name is 1 bar.]" fullname="tests/test_record_generator.py::test_record_generator[My name is {{name}} {{foo}}.-My name is 1 bar.]" methodname="test_record_generator[My name is {{name}} {{foo}}.-My name is 1 bar.]" classname="tests/test_record_generator.py" runstate="Runnable" seed="1" result="Passed" label="" start-time="2024-11-26 08:29:21.430344" end-time="2024-11-26 08:29:21.501321" duration="0.070977" asserts="0"><properties><property name="python-version" value="3.9.6 (default, Oct  4 2024, 08:01:31) &#10;[Clang 16.0.0 (clang-1600.0.26.4)]" /><property name="fspath" value="tests/test_record_generator.py" /></properties><environment framework-version="3.6.2" clr-version="3.9.6 (default, Oct  4 2024, 08:01:31) &#10;[Clang 16.0.0 (clang-1600.0.26.4)]" os-version="24.1.0" platform="Darwin" cwd="/Users/omri.mendels/Library/CloudStorage/OneDrive-Microsoft/Projects/presidio/code/presidio-research" machine-name="arm64" user="" user-domain="" culture="en-US" uiculture="en-US" os-architecture="64bit" /><failure><message><![CDATA[]]></message><stack-trace><![CDATA[None]]></stack-trace></failure><reason><message><![CDATA[]]></message></reason><output><![CDATA[]]></output></test-case><test-case id="194" name="tests/test_record_generator.py::test_record_generator[Foo {{foo}}-Foo bar]" fullname="tests/test_record_generator.py::test_record_generator[Foo {{foo}}-Foo bar]" methodname="test_record_generator[Foo {{foo}}-Foo bar]" classname="tests/test_record_generator.py" runstate="Runnable" seed="1" result="Passed" label="" start-time="2024-11-26 08:29:21.501699" end-time="2024-11-26 08:29:21.562570" duration="0.060871" asserts="0"><properties><property name="python-version" value="3.9.6 (default, Oct  4 2024, 08:01:31) &#10;[Clang 16.0.0 (clang-1600.0.26.4)]" /><property name="fspath" value="tests/test_record_generator.py" /></properties><environment framework-version="3.6.2" clr-version="3.9.6 (default, Oct  4 2024, 08:01:31) &#10;[Clang 16.0.0 (clang-1600.0.26.4)]" os-version="24.1.0" platform="Darwin" cwd="/Users/omri.mendels/Library/CloudStorage/OneDrive-Microsoft/Projects/presidio/code/presidio-research" machine-name="arm64" user="" user-domain="" culture="en-US" uiculture="en-US" os-architecture="64bit" /><failure><message><![CDATA[]]></message><stack-trace><![CDATA[None]]></stack-trace></failure><reason><message><![CDATA[]]></message></reason><output><![CDATA[]]></output></test-case><test-case id="195" name="tests/test_record_generator.py::test_record_generator[pytesting stuff-pytesting stuff]" fullname="tests/test_record_generator.py::test_record_generator[pytesting stuff-pytesting stuff]" methodname="test_record_generator[pytesting stuff-pytesting stuff]" classname="tests/test_record_generator.py" runstate="Runnable" seed="1" result="Passed" label="" start-time="2024-11-26 08:29:21.562966" end-time="2024-11-26 08:29:21.697649" duration="0.134683" asserts="0"><properties><property name="python-version" value="3.9.6 (default, Oct  4 2024, 08:01:31) &#10;[Clang 16.0.0 (clang-1600.0.26.4)]" /><property name="fspath" value="tests/test_record_generator.py" /></properties><environment framework-version="3.6.2" clr-version="3.9.6 (default, Oct  4 2024, 08:01:31) &#10;[Clang 16.0.0 (clang-1600.0.26.4)]" os-version="24.1.0" platform="Darwin" cwd="/Users/omri.mendels/Library/CloudStorage/OneDrive-Microsoft/Projects/presidio/code/presidio-research" machine-name="arm64" user="" user-domain="" culture="en-US" uiculture="en-US" os-architecture="64bit" /><failure><message><![CDATA[]]></message><stack-trace><![CDATA[None]]></stack-trace></failure><reason><message><![CDATA[]]></message></reason><output><![CDATA[]]></output></test-case><test-case id="196" name="tests/test_record_generator.py::test_multiple_generations[add_spans0]" fullname="tests/test_record_generator.py::test_multiple_generations[add_spans0]" methodname="test_multiple_generations[add_spans0]" classname="tests/test_record_generator.py" runstate="Runnable" seed="1" result="Passed" label="" start-time="2024-11-26 08:29:21.697979" end-time="2024-11-26 08:29:21.752239" duration="0.05426" asserts="0"><properties><property name="python-version" value="3.9.6 (default, Oct  4 2024, 08:01:31) &#10;[Clang 16.0.0 (clang-1600.0.26.4)]" /><property name="fspath" value="tests/test_record_generator.py" /></properties><environment framework-version="3.6.2" clr-version="3.9.6 (default, Oct  4 2024, 08:01:31) &#10;[Clang 16.0.0 (clang-1600.0.26.4)]" os-version="24.1.0" platform="Darwin" cwd="/Users/omri.mendels/Library/CloudStorage/OneDrive-Microsoft/Projects/presidio/code/presidio-research" machine-name="arm64" user="" user-domain="" culture="en-US" uiculture="en-US" os-architecture="64bit" /><failure><message><![CDATA[]]></message><stack-trace><![CDATA[None]]></stack-trace></failure><reason><message><![CDATA[]]></message></reason><output><![CDATA[]]></output></test-case><test-case id="197" name="tests/test_record_generator.py::test_template_contains_multiple_of_same_entity[add_spans0]" fullname="tests/test_record_generator.py::test_template_contains_multiple_of_same_entity[add_spans0]" methodname="test_template_contains_multiple_of_same_entity[add_spans0]" classname="tests/test_record_generator.py" runstate="Runnable" seed="1" result="Passed" label="" start-time="2024-11-26 08:29:21.752848" end-time="2024-11-26 08:29:21.804846" duration="0.051998" asserts="0"><properties><property name="python-version" value="3.9.6 (default, Oct  4 2024, 08:01:31) &#10;[Clang 16.0.0 (clang-1600.0.26.4)]" /><property name="fspath" value="tests/test_record_generator.py" /></properties><environment framework-version="3.6.2" clr-version="3.9.6 (default, Oct  4 2024, 08:01:31) &#10;[Clang 16.0.0 (clang-1600.0.26.4)]" os-version="24.1.0" platform="Darwin" cwd="/Users/omri.mendels/Library/CloudStorage/OneDrive-Microsoft/Projects/presidio/code/presidio-research" machine-name="arm64" user="" user-domain="" culture="en-US" uiculture="en-US" os-architecture="64bit" /><failure><message><![CDATA[]]></message><stack-trace><![CDATA[None]]></stack-trace></failure><reason><message><![CDATA[]]></message></reason><output><![CDATA[]]></output></test-case><environment framework-version="3.6.2" clr-version="3.9.6 (default, Oct  4 2024, 08:01:31) &#10;[Clang 16.0.0 (clang-1600.0.26.4)]" os-version="24.1.0" platform="Darwin" cwd="/Users/omri.mendels/Library/CloudStorage/OneDrive-Microsoft/Projects/presidio/code/presidio-research" machine-name="arm64" user="" user-domain="" culture="en-US" uiculture="en-US" os-architecture="64bit" /></test-suite><test-suite id="tests/test_span_to_tag.py" name="tests/test_span_to_tag.py" fullname="tests/test_span_to_tag.py" methodname="" classname="" runstate="Runnable" type="Assembly" testcasecount="26" result="Passed" label="" start-time="2024-11-26 08:29:44.847353" end-time="2024-11-26 08:29:44.914567" duration="0.067214" asserts="0" total="26" passed="26" failed="0" warnings="0" inconclusive="0" skipped="0"><properties><property name="python_version" value="3.9.6 (default, Oct  4 2024, 08:01:31) &#10;[Clang 16.0.0 (clang-1600.0.26.4)]" /></properties><test-case id="213" name="tests/test_span_to_tag.py::test_span_to_bio_multiple_tokens" fullname="tests/test_span_to_tag.py::test_span_to_bio_multiple_tokens" methodname="test_span_to_bio_multiple_tokens" classname="tests/test_span_to_tag.py" runstate="Runnable" seed="1" result="Passed" label="" start-time="2024-11-26 08:29:44.847353" end-time="2024-11-26 08:29:44.852136" duration="0.004783" asserts="0"><properties><property name="python-version" value="3.9.6 (default, Oct  4 2024, 08:01:31) &#10;[Clang 16.0.0 (clang-1600.0.26.4)]" /><property name="fspath" value="tests/test_span_to_tag.py" /></properties><environment framework-version="3.6.2" clr-version="3.9.6 (default, Oct  4 2024, 08:01:31) &#10;[Clang 16.0.0 (clang-1600.0.26.4)]" os-version="24.1.0" platform="Darwin" cwd="/Users/omri.mendels/Library/CloudStorage/OneDrive-Microsoft/Projects/presidio/code/presidio-research" machine-name="arm64" user="" user-domain="" culture="en-US" uiculture="en-US" os-architecture="64bit" /><failure><message><![CDATA[]]></message><stack-trace><![CDATA[None]]></stack-trace></failure><reason><message><![CDATA[]]></message></reason><output><![CDATA[]]></output></test-case><test-case id="214" name="tests/test_span_to_tag.py::test_span_to_bio_single_at_end" fullname="tests/test_span_to_tag.py::test_span_to_bio_single_at_end" methodname="test_span_to_bio_single_at_end" classname="tests/test_span_to_tag.py" runstate="Runnable" seed="1" result="Passed" label="" start-time="2024-11-26 08:29:44.852358" end-time="2024-11-26 08:29:44.855188" duration="0.00283" asserts="0"><properties><property name="python-version" value="3.9.6 (default, Oct  4 2024, 08:01:31) &#10;[Clang 16.0.0 (clang-1600.0.26.4)]" /><property name="fspath" value="tests/test_span_to_tag.py" /></properties><environment framework-version="3.6.2" clr-version="3.9.6 (default, Oct  4 2024, 08:01:31) &#10;[Clang 16.0.0 (clang-1600.0.26.4)]" os-version="24.1.0" platform="Darwin" cwd="/Users/omri.mendels/Library/CloudStorage/OneDrive-Microsoft/Projects/presidio/code/presidio-research" machine-name="arm64" user="" user-domain="" culture="en-US" uiculture="en-US" os-architecture="64bit" /><failure><message><![CDATA[]]></message><stack-trace><![CDATA[None]]></stack-trace></failure><reason><message><![CDATA[]]></message></reason><output><![CDATA[]]></output></test-case><test-case id="215" name="tests/test_span_to_tag.py::test_span_to_biluo_multiple_tokens" fullname="tests/test_span_to_tag.py::test_span_to_biluo_multiple_tokens" methodname="test_span_to_biluo_multiple_tokens" classname="tests/test_span_to_tag.py" runstate="Runnable" seed="1" result="Passed" label="" start-time="2024-11-26 08:29:44.855402" end-time="2024-11-26 08:29:44.859728" duration="0.004326" asserts="0"><properties><property name="python-version" value="3.9.6 (default, Oct  4 2024, 08:01:31) &#10;[Clang 16.0.0 (clang-1600.0.26.4)]" /><property name="fspath" value="tests/test_span_to_tag.py" /></properties><environment framework-version="3.6.2" clr-version="3.9.6 (default, Oct  4 2024, 08:01:31) &#10;[Clang 16.0.0 (clang-1600.0.26.4)]" os-version="24.1.0" platform="Darwin" cwd="/Users/omri.mendels/Library/CloudStorage/OneDrive-Microsoft/Projects/presidio/code/presidio-research" machine-name="arm64" user="" user-domain="" culture="en-US" uiculture="en-US" os-architecture="64bit" /><failure><message><![CDATA[]]></message><stack-trace><![CDATA[None]]></stack-trace></failure><reason><message><![CDATA[]]></message></reason><output><![CDATA[]]></output></test-case><test-case id="216" name="tests/test_span_to_tag.py::test_span_to_biluo_adjacent_entities" fullname="tests/test_span_to_tag.py::test_span_to_biluo_adjacent_entities" methodname="test_span_to_biluo_adjacent_entities" classname="tests/test_span_to_tag.py" runstate="Runnable" seed="1" result="Passed" label="" start-time="2024-11-26 08:29:44.859941" end-time="2024-11-26 08:29:44.862724" duration="0.002783" asserts="0"><properties><property name="python-version" value="3.9.6 (default, Oct  4 2024, 08:01:31) &#10;[Clang 16.0.0 (clang-1600.0.26.4)]" /><property name="fspath" value="tests/test_span_to_tag.py" /></properties><environment framework-version="3.6.2" clr-version="3.9.6 (default, Oct  4 2024, 08:01:31) &#10;[Clang 16.0.0 (clang-1600.0.26.4)]" os-version="24.1.0" platform="Darwin" cwd="/Users/omri.mendels/Library/CloudStorage/OneDrive-Microsoft/Projects/presidio/code/presidio-research" machine-name="arm64" user="" user-domain="" culture="en-US" uiculture="en-US" os-architecture="64bit" /><failure><message><![CDATA[]]></message><stack-trace><![CDATA[None]]></stack-trace></failure><reason><message><![CDATA[]]></message></reason><output><![CDATA[]]></output></test-case><test-case id="217" name="tests/test_span_to_tag.py::test_span_to_biluo_single_at_end" fullname="tests/test_span_to_tag.py::test_span_to_biluo_single_at_end" methodname="test_span_to_biluo_single_at_end" classname="tests/test_span_to_tag.py" runstate="Runnable" seed="1" result="Passed" label="" start-time="2024-11-26 08:29:44.862968" end-time="2024-11-26 08:29:44.865803" duration="0.002835" asserts="0"><properties><property name="python-version" value="3.9.6 (default, Oct  4 2024, 08:01:31) &#10;[Clang 16.0.0 (clang-1600.0.26.4)]" /><property name="fspath" value="tests/test_span_to_tag.py" /></properties><environment framework-version="3.6.2" clr-version="3.9.6 (default, Oct  4 2024, 08:01:31) &#10;[Clang 16.0.0 (clang-1600.0.26.4)]" os-version="24.1.0" platform="Darwin" cwd="/Users/omri.mendels/Library/CloudStorage/OneDrive-Microsoft/Projects/presidio/code/presidio-research" machine-name="arm64" user="" user-domain="" culture="en-US" uiculture="en-US" os-architecture="64bit" /><failure><message><![CDATA[]]></message><stack-trace><![CDATA[None]]></stack-trace></failure><reason><message><![CDATA[]]></message></reason><output><![CDATA[]]></output></test-case><test-case id="218" name="tests/test_span_to_tag.py::test_span_to_biluo_multiple_entities" fullname="tests/test_span_to_tag.py::test_span_to_biluo_multiple_entities" methodname="test_span_to_biluo_multiple_entities" classname="tests/test_span_to_tag.py" runstate="Runnable" seed="1" result="Passed" label="" start-time="2024-11-26 08:29:44.866005" end-time="2024-11-26 08:29:44.868985" duration="0.00298" asserts="0"><properties><property name="python-version" value="3.9.6 (default, Oct  4 2024, 08:01:31) &#10;[Clang 16.0.0 (clang-1600.0.26.4)]" /><property name="fspath" value="tests/test_span_to_tag.py" /></properties><environment framework-version="3.6.2" clr-version="3.9.6 (default, Oct  4 2024, 08:01:31) &#10;[Clang 16.0.0 (clang-1600.0.26.4)]" os-version="24.1.0" platform="Darwin" cwd="/Users/omri.mendels/Library/CloudStorage/OneDrive-Microsoft/Projects/presidio/code/presidio-research" machine-name="arm64" user="" user-domain="" culture="en-US" uiculture="en-US" os-architecture="64bit" /><failure><message><![CDATA[]]></message><stack-trace><![CDATA[None]]></stack-trace></failure><reason><message><![CDATA[]]></message></reason><output><![CDATA[]]></output></test-case><test-case id="219" name="tests/test_span_to_tag.py::test_span_to_bio_multiple_entities" fullname="tests/test_span_to_tag.py::test_span_to_bio_multiple_entities" methodname="test_span_to_bio_multiple_entities" classname="tests/test_span_to_tag.py" runstate="Runnable" seed="1" result="Passed" label="" start-time="2024-11-26 08:29:44.869178" end-time="2024-11-26 08:29:44.872219" duration="0.003041" asserts="0"><properties><property name="python-version" value="3.9.6 (default, Oct  4 2024, 08:01:31) &#10;[Clang 16.0.0 (clang-1600.0.26.4)]" /><property name="fspath" value="tests/test_span_to_tag.py" /></properties><environment framework-version="3.6.2" clr-version="3.9.6 (default, Oct  4 2024, 08:01:31) &#10;[Clang 16.0.0 (clang-1600.0.26.4)]" os-version="24.1.0" platform="Darwin" cwd="/Users/omri.mendels/Library/CloudStorage/OneDrive-Microsoft/Projects/presidio/code/presidio-research" machine-name="arm64" user="" user-domain="" culture="en-US" uiculture="en-US" os-architecture="64bit" /><failure><message><![CDATA[]]></message><stack-trace><![CDATA[None]]></stack-trace></failure><reason><message><![CDATA[]]></message></reason><output><![CDATA[]]></output></test-case><test-case id="220" name="tests/test_span_to_tag.py::test_span_to_bio_specific_input" fullname="tests/test_span_to_tag.py::test_span_to_bio_specific_input" methodname="test_span_to_bio_specific_input" classname="tests/test_span_to_tag.py" runstate="Runnable" seed="1" result="Passed" label="" start-time="2024-11-26 08:29:44.872406" end-time="2024-11-26 08:29:44.877152" duration="0.004746" asserts="0"><properties><property name="python-version" value="3.9.6 (default, Oct  4 2024, 08:01:31) &#10;[Clang 16.0.0 (clang-1600.0.26.4)]" /><property name="fspath" value="tests/test_span_to_tag.py" /></properties><environment framework-version="3.6.2" clr-version="3.9.6 (default, Oct  4 2024, 08:01:31) &#10;[Clang 16.0.0 (clang-1600.0.26.4)]" os-version="24.1.0" platform="Darwin" cwd="/Users/omri.mendels/Library/CloudStorage/OneDrive-Microsoft/Projects/presidio/code/presidio-research" machine-name="arm64" user="" user-domain="" culture="en-US" uiculture="en-US" os-architecture="64bit" /><failure><message><![CDATA[]]></message><stack-trace><![CDATA[None]]></stack-trace></failure><reason><message><![CDATA[]]></message></reason><output><![CDATA[]]></output></test-case><test-case id="221" name="tests/test_span_to_tag.py::test_span_to_biluo_specific_input" fullname="tests/test_span_to_tag.py::test_span_to_biluo_specific_input" methodname="test_span_to_biluo_specific_input" classname="tests/test_span_to_tag.py" runstate="Runnable" seed="1" result="Passed" label="" start-time="2024-11-26 08:29:44.877341" end-time="2024-11-26 08:29:44.881836" duration="0.004495" asserts="0"><properties><property name="python-version" value="3.9.6 (default, Oct  4 2024, 08:01:31) &#10;[Clang 16.0.0 (clang-1600.0.26.4)]" /><property name="fspath" value="tests/test_span_to_tag.py" /></properties><environment framework-version="3.6.2" clr-version="3.9.6 (default, Oct  4 2024, 08:01:31) &#10;[Clang 16.0.0 (clang-1600.0.26.4)]" os-version="24.1.0" platform="Darwin" cwd="/Users/omri.mendels/Library/CloudStorage/OneDrive-Microsoft/Projects/presidio/code/presidio-research" machine-name="arm64" user="" user-domain="" culture="en-US" uiculture="en-US" os-architecture="64bit" /><failure><message><![CDATA[]]></message><stack-trace><![CDATA[None]]></stack-trace></failure><reason><message><![CDATA[]]></message></reason><output><![CDATA[]]></output></test-case><test-case id="222" name="tests/test_span_to_tag.py::test_span_to_biluo_adjecent_identical_entities" fullname="tests/test_span_to_tag.py::test_span_to_biluo_adjecent_identical_entities" methodname="test_span_to_biluo_adjecent_identical_entities" classname="tests/test_span_to_tag.py" runstate="Runnable" seed="1" result="Passed" label="" start-time="2024-11-26 08:29:44.882036" end-time="2024-11-26 08:29:44.885635" duration="0.003599" asserts="0"><properties><property name="python-version" value="3.9.6 (default, Oct  4 2024, 08:01:31) &#10;[Clang 16.0.0 (clang-1600.0.26.4)]" /><property name="fspath" value="tests/test_span_to_tag.py" /></properties><environment framework-version="3.6.2" clr-version="3.9.6 (default, Oct  4 2024, 08:01:31) &#10;[Clang 16.0.0 (clang-1600.0.26.4)]" os-version="24.1.0" platform="Darwin" cwd="/Users/omri.mendels/Library/CloudStorage/OneDrive-Microsoft/Projects/presidio/code/presidio-research" machine-name="arm64" user="" user-domain="" culture="en-US" uiculture="en-US" os-architecture="64bit" /><failure><message><![CDATA[]]></message><stack-trace><![CDATA[None]]></stack-trace></failure><reason><message><![CDATA[]]></message></reason><output><![CDATA[]]></output></test-case><test-case id="223" name="tests/test_span_to_tag.py::test_overlapping_entities_first_ends_in_mid_second" fullname="tests/test_span_to_tag.py::test_overlapping_entities_first_ends_in_mid_second" methodname="test_overlapping_entities_first_ends_in_mid_second" classname="tests/test_span_to_tag.py" runstate="Runnable" seed="1" result="Passed" label="" start-time="2024-11-26 08:29:44.885827" end-time="2024-11-26 08:29:44.890602" duration="0.004775" asserts="0"><properties><property name="python-version" value="3.9.6 (default, Oct  4 2024, 08:01:31) &#10;[Clang 16.0.0 (clang-1600.0.26.4)]" /><property name="fspath" value="tests/test_span_to_tag.py" /></properties><environment framework-version="3.6.2" clr-version="3.9.6 (default, Oct  4 2024, 08:01:31) &#10;[Clang 16.0.0 (clang-1600.0.26.4)]" os-version="24.1.0" platform="Darwin" cwd="/Users/omri.mendels/Library/CloudStorage/OneDrive-Microsoft/Projects/presidio/code/presidio-research" machine-name="arm64" user="" user-domain="" culture="en-US" uiculture="en-US" os-architecture="64bit" /><failure><message><![CDATA[]]></message><stack-trace><![CDATA[None]]></stack-trace></failure><reason><message><![CDATA[]]></message></reason><output><![CDATA[]]></output></test-case><test-case id="224" name="tests/test_span_to_tag.py::test_overlapping_entities_second_embedded_in_first_with_lower_score" fullname="tests/test_span_to_tag.py::test_overlapping_entities_second_embedded_in_first_with_lower_score" methodname="test_overlapping_entities_second_embedded_in_first_with_lower_score" classname="tests/test_span_to_tag.py" runstate="Runnable" seed="1" result="Passed" label="" start-time="2024-11-26 08:29:44.890802" end-time="2024-11-26 08:29:44.894806" duration="0.004004" asserts="0"><properties><property name="python-version" value="3.9.6 (default, Oct  4 2024, 08:01:31) &#10;[Clang 16.0.0 (clang-1600.0.26.4)]" /><property name="fspath" value="tests/test_span_to_tag.py" /></properties><environment framework-version="3.6.2" clr-version="3.9.6 (default, Oct  4 2024, 08:01:31) &#10;[Clang 16.0.0 (clang-1600.0.26.4)]" os-version="24.1.0" platform="Darwin" cwd="/Users/omri.mendels/Library/CloudStorage/OneDrive-Microsoft/Projects/presidio/code/presidio-research" machine-name="arm64" user="" user-domain="" culture="en-US" uiculture="en-US" os-architecture="64bit" /><failure><message><![CDATA[]]></message><stack-trace><![CDATA[None]]></stack-trace></failure><reason><message><![CDATA[]]></message></reason><output><![CDATA[]]></output></test-case><test-case id="225" name="tests/test_span_to_tag.py::test_overlapping_entities_second_embedded_in_first_has_higher_score" fullname="tests/test_span_to_tag.py::test_overlapping_entities_second_embedded_in_first_has_higher_score" methodname="test_overlapping_entities_second_embedded_in_first_has_higher_score" classname="tests/test_span_to_tag.py" runstate="Runnable" seed="1" result="Passed" label="" start-time="2024-11-26 08:29:44.894995" end-time="2024-11-26 08:29:44.898933" duration="0.003938" asserts="0"><properties><property name="python-version" value="3.9.6 (default, Oct  4 2024, 08:01:31) &#10;[Clang 16.0.0 (clang-1600.0.26.4)]" /><property name="fspath" value="tests/test_span_to_tag.py" /></properties><environment framework-version="3.6.2" clr-version="3.9.6 (default, Oct  4 2024, 08:01:31) &#10;[Clang 16.0.0 (clang-1600.0.26.4)]" os-version="24.1.0" platform="Darwin" cwd="/Users/omri.mendels/Library/CloudStorage/OneDrive-Microsoft/Projects/presidio/code/presidio-research" machine-name="arm64" user="" user-domain="" culture="en-US" uiculture="en-US" os-architecture="64bit" /><failure><message><![CDATA[]]></message><stack-trace><![CDATA[None]]></stack-trace></failure><reason><message><![CDATA[]]></message></reason><output><![CDATA[]]></output></test-case><test-case id="226" name="tests/test_span_to_tag.py::test_overlapping_entities_second_embedded_in_first_has_lower_score" fullname="tests/test_span_to_tag.py::test_overlapping_entities_second_embedded_in_first_has_lower_score" methodname="test_overlapping_entities_second_embedded_in_first_has_lower_score" classname="tests/test_span_to_tag.py" runstate="Runnable" seed="1" result="Passed" label="" start-time="2024-11-26 08:29:44.899120" end-time="2024-11-26 08:29:44.903041" duration="0.003921" asserts="0"><properties><property name="python-version" value="3.9.6 (default, Oct  4 2024, 08:01:31) &#10;[Clang 16.0.0 (clang-1600.0.26.4)]" /><property name="fspath" value="tests/test_span_to_tag.py" /></properties><environment framework-version="3.6.2" clr-version="3.9.6 (default, Oct  4 2024, 08:01:31) &#10;[Clang 16.0.0 (clang-1600.0.26.4)]" os-version="24.1.0" platform="Darwin" cwd="/Users/omri.mendels/Library/CloudStorage/OneDrive-Microsoft/Projects/presidio/code/presidio-research" machine-name="arm64" user="" user-domain="" culture="en-US" uiculture="en-US" os-architecture="64bit" /><failure><message><![CDATA[]]></message><stack-trace><![CDATA[None]]></stack-trace></failure><reason><message><![CDATA[]]></message></reason><output><![CDATA[]]></output></test-case><test-case id="227" name="tests/test_span_to_tag.py::test_overlapping_entities_pyramid" fullname="tests/test_span_to_tag.py::test_overlapping_entities_pyramid" methodname="test_overlapping_entities_pyramid" classname="tests/test_span_to_tag.py" runstate="Runnable" seed="1" result="Passed" label="" start-time="2024-11-26 08:29:44.903218" end-time="2024-11-26 08:29:44.907215" duration="0.003997" asserts="0"><properties><property name="python-version" value="3.9.6 (default, Oct  4 2024, 08:01:31) &#10;[Clang 16.0.0 (clang-1600.0.26.4)]" /><property name="fspath" value="tests/test_span_to_tag.py" /></properties><environment framework-version="3.6.2" clr-version="3.9.6 (default, Oct  4 2024, 08:01:31) &#10;[Clang 16.0.0 (clang-1600.0.26.4)]" os-version="24.1.0" platform="Darwin" cwd="/Users/omri.mendels/Library/CloudStorage/OneDrive-Microsoft/Projects/presidio/code/presidio-research" machine-name="arm64" user="" user-domain="" culture="en-US" uiculture="en-US" os-architecture="64bit" /><failure><message><![CDATA[]]></message><stack-trace><![CDATA[None]]></stack-trace></failure><reason><message><![CDATA[]]></message></reason><output><![CDATA[]]></output></test-case><test-case id="228" name="tests/test_span_to_tag.py::test_token_contains_span" fullname="tests/test_span_to_tag.py::test_token_contains_span" methodname="test_token_contains_span" classname="tests/test_span_to_tag.py" runstate="Runnable" seed="1" result="Passed" label="" start-time="2024-11-26 08:29:44.907410" end-time="2024-11-26 08:29:44.909937" duration="0.002527" asserts="0"><properties><property name="python-version" value="3.9.6 (default, Oct  4 2024, 08:01:31) &#10;[Clang 16.0.0 (clang-1600.0.26.4)]" /><property name="fspath" value="tests/test_span_to_tag.py" /></properties><environment framework-version="3.6.2" clr-version="3.9.6 (default, Oct  4 2024, 08:01:31) &#10;[Clang 16.0.0 (clang-1600.0.26.4)]" os-version="24.1.0" platform="Darwin" cwd="/Users/omri.mendels/Library/CloudStorage/OneDrive-Microsoft/Projects/presidio/code/presidio-research" machine-name="arm64" user="" user-domain="" culture="en-US" uiculture="en-US" os-architecture="64bit" /><failure><message><![CDATA[]]></message><stack-trace><![CDATA[None]]></stack-trace></failure><reason><message><![CDATA[]]></message></reason><output><![CDATA[]]></output></test-case><test-case id="229" name="tests/test_span_to_tag.py::test_io_to_scheme[tags0-expected_tags0-IO]" fullname="tests/test_span_to_tag.py::test_io_to_scheme[tags0-expected_tags0-IO]" methodname="test_io_to_scheme[tags0-expected_tags0-IO]" classname="tests/test_span_to_tag.py" runstate="Runnable" seed="1" result="Passed" label="" start-time="2024-11-26 08:29:44.910209" end-time="2024-11-26 08:29:44.910431" duration="0.000222" asserts="0"><properties><property name="python-version" value="3.9.6 (default, Oct  4 2024, 08:01:31) &#10;[Clang 16.0.0 (clang-1600.0.26.4)]" /><property name="fspath" value="tests/test_span_to_tag.py" /></properties><environment framework-version="3.6.2" clr-version="3.9.6 (default, Oct  4 2024, 08:01:31) &#10;[Clang 16.0.0 (clang-1600.0.26.4)]" os-version="24.1.0" platform="Darwin" cwd="/Users/omri.mendels/Library/CloudStorage/OneDrive-Microsoft/Projects/presidio/code/presidio-research" machine-name="arm64" user="" user-domain="" culture="en-US" uiculture="en-US" os-architecture="64bit" /><failure><message><![CDATA[]]></message><stack-trace><![CDATA[None]]></stack-trace></failure><reason><message><![CDATA[]]></message></reason><output><![CDATA[]]></output></test-case><test-case id="230" name="tests/test_span_to_tag.py::test_io_to_scheme[tags1-expected_tags1-BIO]" fullname="tests/test_span_to_tag.py::test_io_to_scheme[tags1-expected_tags1-BIO]" methodname="test_io_to_scheme[tags1-expected_tags1-BIO]" classname="tests/test_span_to_tag.py" runstate="Runnable" seed="1" result="Passed" label="" start-time="2024-11-26 08:29:44.910667" end-time="2024-11-26 08:29:44.910892" duration="0.000225" asserts="0"><properties><property name="python-version" value="3.9.6 (default, Oct  4 2024, 08:01:31) &#10;[Clang 16.0.0 (clang-1600.0.26.4)]" /><property name="fspath" value="tests/test_span_to_tag.py" /></properties><environment framework-version="3.6.2" clr-version="3.9.6 (default, Oct  4 2024, 08:01:31) &#10;[Clang 16.0.0 (clang-1600.0.26.4)]" os-version="24.1.0" platform="Darwin" cwd="/Users/omri.mendels/Library/CloudStorage/OneDrive-Microsoft/Projects/presidio/code/presidio-research" machine-name="arm64" user="" user-domain="" culture="en-US" uiculture="en-US" os-architecture="64bit" /><failure><message><![CDATA[]]></message><stack-trace><![CDATA[None]]></stack-trace></failure><reason><message><![CDATA[]]></message></reason><output><![CDATA[]]></output></test-case><test-case id="231" name="tests/test_span_to_tag.py::test_io_to_scheme[tags2-expected_tags2-BILUO]" fullname="tests/test_span_to_tag.py::test_io_to_scheme[tags2-expected_tags2-BILUO]" methodname="test_io_to_scheme[tags2-expected_tags2-BILUO]" classname="tests/test_span_to_tag.py" runstate="Runnable" seed="1" result="Passed" label="" start-time="2024-11-26 08:29:44.911127" end-time="2024-11-26 08:29:44.911360" duration="0.000233" asserts="0"><properties><property name="python-version" value="3.9.6 (default, Oct  4 2024, 08:01:31) &#10;[Clang 16.0.0 (clang-1600.0.26.4)]" /><property name="fspath" value="tests/test_span_to_tag.py" /></properties><environment framework-version="3.6.2" clr-version="3.9.6 (default, Oct  4 2024, 08:01:31) &#10;[Clang 16.0.0 (clang-1600.0.26.4)]" os-version="24.1.0" platform="Darwin" cwd="/Users/omri.mendels/Library/CloudStorage/OneDrive-Microsoft/Projects/presidio/code/presidio-research" machine-name="arm64" user="" user-domain="" culture="en-US" uiculture="en-US" os-architecture="64bit" /><failure><message><![CDATA[]]></message><stack-trace><![CDATA[None]]></stack-trace></failure><reason><message><![CDATA[]]></message></reason><output><![CDATA[]]></output></test-case><test-case id="232" name="tests/test_span_to_tag.py::test_io_to_scheme[tags3-expected_tags3-IO]" fullname="tests/test_span_to_tag.py::test_io_to_scheme[tags3-expected_tags3-IO]" methodname="test_io_to_scheme[tags3-expected_tags3-IO]" classname="tests/test_span_to_tag.py" runstate="Runnable" seed="1" result="Passed" label="" start-time="2024-11-26 08:29:44.911594" end-time="2024-11-26 08:29:44.911817" duration="0.000223" asserts="0"><properties><property name="python-version" value="3.9.6 (default, Oct  4 2024, 08:01:31) &#10;[Clang 16.0.0 (clang-1600.0.26.4)]" /><property name="fspath" value="tests/test_span_to_tag.py" /></properties><environment framework-version="3.6.2" clr-version="3.9.6 (default, Oct  4 2024, 08:01:31) &#10;[Clang 16.0.0 (clang-1600.0.26.4)]" os-version="24.1.0" platform="Darwin" cwd="/Users/omri.mendels/Library/CloudStorage/OneDrive-Microsoft/Projects/presidio/code/presidio-research" machine-name="arm64" user="" user-domain="" culture="en-US" uiculture="en-US" os-architecture="64bit" /><failure><message><![CDATA[]]></message><stack-trace><![CDATA[None]]></stack-trace></failure><reason><message><![CDATA[]]></message></reason><output><![CDATA[]]></output></test-case><test-case id="233" name="tests/test_span_to_tag.py::test_io_to_scheme[tags4-expected_tags4-BIO]" fullname="tests/test_span_to_tag.py::test_io_to_scheme[tags4-expected_tags4-BIO]" methodname="test_io_to_scheme[tags4-expected_tags4-BIO]" classname="tests/test_span_to_tag.py" runstate="Runnable" seed="1" result="Passed" label="" start-time="2024-11-26 08:29:44.912055" end-time="2024-11-26 08:29:44.912285" duration="0.00023" asserts="0"><properties><property name="python-version" value="3.9.6 (default, Oct  4 2024, 08:01:31) &#10;[Clang 16.0.0 (clang-1600.0.26.4)]" /><property name="fspath" value="tests/test_span_to_tag.py" /></properties><environment framework-version="3.6.2" clr-version="3.9.6 (default, Oct  4 2024, 08:01:31) &#10;[Clang 16.0.0 (clang-1600.0.26.4)]" os-version="24.1.0" platform="Darwin" cwd="/Users/omri.mendels/Library/CloudStorage/OneDrive-Microsoft/Projects/presidio/code/presidio-research" machine-name="arm64" user="" user-domain="" culture="en-US" uiculture="en-US" os-architecture="64bit" /><failure><message><![CDATA[]]></message><stack-trace><![CDATA[None]]></stack-trace></failure><reason><message><![CDATA[]]></message></reason><output><![CDATA[]]></output></test-case><test-case id="234" name="tests/test_span_to_tag.py::test_io_to_scheme[tags5-expected_tags5-BILUO]" fullname="tests/test_span_to_tag.py::test_io_to_scheme[tags5-expected_tags5-BILUO]" methodname="test_io_to_scheme[tags5-expected_tags5-BILUO]" classname="tests/test_span_to_tag.py" runstate="Runnable" seed="1" result="Passed" label="" start-time="2024-11-26 08:29:44.912515" end-time="2024-11-26 08:29:44.912740" duration="0.000225" asserts="0"><properties><property name="python-version" value="3.9.6 (default, Oct  4 2024, 08:01:31) &#10;[Clang 16.0.0 (clang-1600.0.26.4)]" /><property name="fspath" value="tests/test_span_to_tag.py" /></properties><environment framework-version="3.6.2" clr-version="3.9.6 (default, Oct  4 2024, 08:01:31) &#10;[Clang 16.0.0 (clang-1600.0.26.4)]" os-version="24.1.0" platform="Darwin" cwd="/Users/omri.mendels/Library/CloudStorage/OneDrive-Microsoft/Projects/presidio/code/presidio-research" machine-name="arm64" user="" user-domain="" culture="en-US" uiculture="en-US" os-architecture="64bit" /><failure><message><![CDATA[]]></message><stack-trace><![CDATA[None]]></stack-trace></failure><reason><message><![CDATA[]]></message></reason><output><![CDATA[]]></output></test-case><test-case id="235" name="tests/test_span_to_tag.py::test_io_to_scheme[tags6-expected_tags6-BILUO]" fullname="tests/test_span_to_tag.py::test_io_to_scheme[tags6-expected_tags6-BILUO]" methodname="test_io_to_scheme[tags6-expected_tags6-BILUO]" classname="tests/test_span_to_tag.py" runstate="Runnable" seed="1" result="Passed" label="" start-time="2024-11-26 08:29:44.912970" end-time="2024-11-26 08:29:44.913208" duration="0.000238" asserts="0"><properties><property name="python-version" value="3.9.6 (default, Oct  4 2024, 08:01:31) &#10;[Clang 16.0.0 (clang-1600.0.26.4)]" /><property name="fspath" value="tests/test_span_to_tag.py" /></properties><environment framework-version="3.6.2" clr-version="3.9.6 (default, Oct  4 2024, 08:01:31) &#10;[Clang 16.0.0 (clang-1600.0.26.4)]" os-version="24.1.0" platform="Darwin" cwd="/Users/omri.mendels/Library/CloudStorage/OneDrive-Microsoft/Projects/presidio/code/presidio-research" machine-name="arm64" user="" user-domain="" culture="en-US" uiculture="en-US" os-architecture="64bit" /><failure><message><![CDATA[]]></message><stack-trace><![CDATA[None]]></stack-trace></failure><reason><message><![CDATA[]]></message></reason><output><![CDATA[]]></output></test-case><test-case id="236" name="tests/test_span_to_tag.py::test_io_to_scheme[tags7-expected_tags7-BIO]" fullname="tests/test_span_to_tag.py::test_io_to_scheme[tags7-expected_tags7-BIO]" methodname="test_io_to_scheme[tags7-expected_tags7-BIO]" classname="tests/test_span_to_tag.py" runstate="Runnable" seed="1" result="Passed" label="" start-time="2024-11-26 08:29:44.913441" end-time="2024-11-26 08:29:44.913665" duration="0.000224" asserts="0"><properties><property name="python-version" value="3.9.6 (default, Oct  4 2024, 08:01:31) &#10;[Clang 16.0.0 (clang-1600.0.26.4)]" /><property name="fspath" value="tests/test_span_to_tag.py" /></properties><environment framework-version="3.6.2" clr-version="3.9.6 (default, Oct  4 2024, 08:01:31) &#10;[Clang 16.0.0 (clang-1600.0.26.4)]" os-version="24.1.0" platform="Darwin" cwd="/Users/omri.mendels/Library/CloudStorage/OneDrive-Microsoft/Projects/presidio/code/presidio-research" machine-name="arm64" user="" user-domain="" culture="en-US" uiculture="en-US" os-architecture="64bit" /><failure><message><![CDATA[]]></message><stack-trace><![CDATA[None]]></stack-trace></failure><reason><message><![CDATA[]]></message></reason><output><![CDATA[]]></output></test-case><test-case id="237" name="tests/test_span_to_tag.py::test_io_to_scheme[tags8-expected_tags8-BILUO]" fullname="tests/test_span_to_tag.py::test_io_to_scheme[tags8-expected_tags8-BILUO]" methodname="test_io_to_scheme[tags8-expected_tags8-BILUO]" classname="tests/test_span_to_tag.py" runstate="Runnable" seed="1" result="Passed" label="" start-time="2024-11-26 08:29:44.913886" end-time="2024-11-26 08:29:44.914103" duration="0.000217" asserts="0"><properties><property name="python-version" value="3.9.6 (default, Oct  4 2024, 08:01:31) &#10;[Clang 16.0.0 (clang-1600.0.26.4)]" /><property name="fspath" value="tests/test_span_to_tag.py" /></properties><environment framework-version="3.6.2" clr-version="3.9.6 (default, Oct  4 2024, 08:01:31) &#10;[Clang 16.0.0 (clang-1600.0.26.4)]" os-version="24.1.0" platform="Darwin" cwd="/Users/omri.mendels/Library/CloudStorage/OneDrive-Microsoft/Projects/presidio/code/presidio-research" machine-name="arm64" user="" user-domain="" culture="en-US" uiculture="en-US" os-architecture="64bit" /><failure><message><![CDATA[]]></message><stack-trace><![CDATA[None]]></stack-trace></failure><reason><message><![CDATA[]]></message></reason><output><![CDATA[]]></output></test-case><test-case id="238" name="tests/test_span_to_tag.py::test_io_to_scheme[tags9-expected_tags9-BILOU]" fullname="tests/test_span_to_tag.py::test_io_to_scheme[tags9-expected_tags9-BILOU]" methodname="test_io_to_scheme[tags9-expected_tags9-BILOU]" classname="tests/test_span_to_tag.py" runstate="Runnable" seed="1" result="Passed" label="" start-time="2024-11-26 08:29:44.914336" end-time="2024-11-26 08:29:44.914567" duration="0.000231" asserts="0"><properties><property name="python-version" value="3.9.6 (default, Oct  4 2024, 08:01:31) &#10;[Clang 16.0.0 (clang-1600.0.26.4)]" /><property name="fspath" value="tests/test_span_to_tag.py" /></properties><environment framework-version="3.6.2" clr-version="3.9.6 (default, Oct  4 2024, 08:01:31) &#10;[Clang 16.0.0 (clang-1600.0.26.4)]" os-version="24.1.0" platform="Darwin" cwd="/Users/omri.mendels/Library/CloudStorage/OneDrive-Microsoft/Projects/presidio/code/presidio-research" machine-name="arm64" user="" user-domain="" culture="en-US" uiculture="en-US" os-architecture="64bit" /><failure><message><![CDATA[]]></message><stack-trace><![CDATA[None]]></stack-trace></failure><reason><message><![CDATA[]]></message></reason><output><![CDATA[]]></output></test-case><environment framework-version="3.6.2" clr-version="3.9.6 (default, Oct  4 2024, 08:01:31) &#10;[Clang 16.0.0 (clang-1600.0.26.4)]" os-version="24.1.0" platform="Darwin" cwd="/Users/omri.mendels/Library/CloudStorage/OneDrive-Microsoft/Projects/presidio/code/presidio-research" machine-name="arm64" user="" user-domain="" culture="en-US" uiculture="en-US" os-architecture="64bit" /></test-suite><test-suite id="tests/test_base_model.py" name="tests/test_base_model.py" fullname="tests/test_base_model.py" methodname="" classname="" runstate="Runnable" type="Assembly" testcasecount="12" result="Passed" label="" start-time="2024-11-26 08:28:08.841361" end-time="2024-11-26 08:28:08.846989" duration="0.005628" asserts="0" total="12" passed="12" failed="0" warnings="0" inconclusive="0" skipped="0"><properties><property name="python_version" value="3.9.6 (default, Oct  4 2024, 08:01:31) &#10;[Clang 16.0.0 (clang-1600.0.26.4)]" /></properties><test-case id="100" name="tests/test_base_model.py::test_align_entity_types" fullname="tests/test_base_model.py::test_align_entity_types" methodname="test_align_entity_types" classname="tests/test_base_model.py" runstate="Runnable" seed="1" result="Passed" label="" start-time="2024-11-26 08:28:08.841361" end-time="2024-11-26 08:28:08.841689" duration="0.000328" asserts="0"><properties><property name="python-version" value="3.9.6 (default, Oct  4 2024, 08:01:31) &#10;[Clang 16.0.0 (clang-1600.0.26.4)]" /><property name="fspath" value="tests/test_base_model.py" /></properties><environment framework-version="3.6.2" clr-version="3.9.6 (default, Oct  4 2024, 08:01:31) &#10;[Clang 16.0.0 (clang-1600.0.26.4)]" os-version="24.1.0" platform="Darwin" cwd="/Users/omri.mendels/Library/CloudStorage/OneDrive-Microsoft/Projects/presidio/code/presidio-research" machine-name="arm64" user="" user-domain="" culture="en-US" uiculture="en-US" os-architecture="64bit" /><failure><message><![CDATA[]]></message><stack-trace><![CDATA[None]]></stack-trace></failure><reason><message><![CDATA[]]></message></reason><output><![CDATA[]]></output></test-case><test-case id="101" name="tests/test_base_model.py::test_align_prediction[tags0-expected_tags0-True]" fullname="tests/test_base_model.py::test_align_prediction[tags0-expected_tags0-True]" methodname="test_align_prediction[tags0-expected_tags0-True]" classname="tests/test_base_model.py" runstate="Runnable" seed="1" result="Passed" label="" start-time="2024-11-26 08:28:08.842019" end-time="2024-11-26 08:28:08.842270" duration="0.000251" asserts="0"><properties><property name="python-version" value="3.9.6 (default, Oct  4 2024, 08:01:31) &#10;[Clang 16.0.0 (clang-1600.0.26.4)]" /><property name="fspath" value="tests/test_base_model.py" /></properties><environment framework-version="3.6.2" clr-version="3.9.6 (default, Oct  4 2024, 08:01:31) &#10;[Clang 16.0.0 (clang-1600.0.26.4)]" os-version="24.1.0" platform="Darwin" cwd="/Users/omri.mendels/Library/CloudStorage/OneDrive-Microsoft/Projects/presidio/code/presidio-research" machine-name="arm64" user="" user-domain="" culture="en-US" uiculture="en-US" os-architecture="64bit" /><failure><message><![CDATA[]]></message><stack-trace><![CDATA[None]]></stack-trace></failure><reason><message><![CDATA[]]></message></reason><output><![CDATA[]]></output></test-case><test-case id="102" name="tests/test_base_model.py::test_align_prediction[tags1-expected_tags1-True]" fullname="tests/test_base_model.py::test_align_prediction[tags1-expected_tags1-True]" methodname="test_align_prediction[tags1-expected_tags1-True]" classname="tests/test_base_model.py" runstate="Runnable" seed="1" result="Passed" label="" start-time="2024-11-26 08:28:08.842532" end-time="2024-11-26 08:28:08.842765" duration="0.000233" asserts="0"><properties><property name="python-version" value="3.9.6 (default, Oct  4 2024, 08:01:31) &#10;[Clang 16.0.0 (clang-1600.0.26.4)]" /><property name="fspath" value="tests/test_base_model.py" /></properties><environment framework-version="3.6.2" clr-version="3.9.6 (default, Oct  4 2024, 08:01:31) &#10;[Clang 16.0.0 (clang-1600.0.26.4)]" os-version="24.1.0" platform="Darwin" cwd="/Users/omri.mendels/Library/CloudStorage/OneDrive-Microsoft/Projects/presidio/code/presidio-research" machine-name="arm64" user="" user-domain="" culture="en-US" uiculture="en-US" os-architecture="64bit" /><failure><message><![CDATA[]]></message><stack-trace><![CDATA[None]]></stack-trace></failure><reason><message><![CDATA[]]></message></reason><output><![CDATA[]]></output></test-case><test-case id="103" name="tests/test_base_model.py::test_align_prediction[tags2-expected_tags2-True]" fullname="tests/test_base_model.py::test_align_prediction[tags2-expected_tags2-True]" methodname="test_align_prediction[tags2-expected_tags2-True]" classname="tests/test_base_model.py" runstate="Runnable" seed="1" result="Passed" label="" start-time="2024-11-26 08:28:08.843007" end-time="2024-11-26 08:28:08.843228" duration="0.000221" asserts="0"><properties><property name="python-version" value="3.9.6 (default, Oct  4 2024, 08:01:31) &#10;[Clang 16.0.0 (clang-1600.0.26.4)]" /><property name="fspath" value="tests/test_base_model.py" /></properties><environment framework-version="3.6.2" clr-version="3.9.6 (default, Oct  4 2024, 08:01:31) &#10;[Clang 16.0.0 (clang-1600.0.26.4)]" os-version="24.1.0" platform="Darwin" cwd="/Users/omri.mendels/Library/CloudStorage/OneDrive-Microsoft/Projects/presidio/code/presidio-research" machine-name="arm64" user="" user-domain="" culture="en-US" uiculture="en-US" os-architecture="64bit" /><failure><message><![CDATA[]]></message><stack-trace><![CDATA[None]]></stack-trace></failure><reason><message><![CDATA[]]></message></reason><output><![CDATA[]]></output></test-case><test-case id="104" name="tests/test_base_model.py::test_align_prediction[tags3-expected_tags3-False]" fullname="tests/test_base_model.py::test_align_prediction[tags3-expected_tags3-False]" methodname="test_align_prediction[tags3-expected_tags3-False]" classname="tests/test_base_model.py" runstate="Runnable" seed="1" result="Passed" label="" start-time="2024-11-26 08:28:08.843467" end-time="2024-11-26 08:28:08.843790" duration="0.000323" asserts="0"><properties><property name="python-version" value="3.9.6 (default, Oct  4 2024, 08:01:31) &#10;[Clang 16.0.0 (clang-1600.0.26.4)]" /><property name="fspath" value="tests/test_base_model.py" /></properties><environment framework-version="3.6.2" clr-version="3.9.6 (default, Oct  4 2024, 08:01:31) &#10;[Clang 16.0.0 (clang-1600.0.26.4)]" os-version="24.1.0" platform="Darwin" cwd="/Users/omri.mendels/Library/CloudStorage/OneDrive-Microsoft/Projects/presidio/code/presidio-research" machine-name="arm64" user="" user-domain="" culture="en-US" uiculture="en-US" os-architecture="64bit" /><failure><message><![CDATA[]]></message><stack-trace><![CDATA[None]]></stack-trace></failure><reason><message><![CDATA[]]></message></reason><output><![CDATA[]]></output></test-case><test-case id="105" name="tests/test_base_model.py::test_filter_tags_in_supported_entities[tags0-expected_tags0]" fullname="tests/test_base_model.py::test_filter_tags_in_supported_entities[tags0-expected_tags0]" methodname="test_filter_tags_in_supported_entities[tags0-expected_tags0]" classname="tests/test_base_model.py" runstate="Runnable" seed="1" result="Passed" label="" start-time="2024-11-26 08:28:08.844062" end-time="2024-11-26 08:28:08.844302" duration="0.00024" asserts="0"><properties><property name="python-version" value="3.9.6 (default, Oct  4 2024, 08:01:31) &#10;[Clang 16.0.0 (clang-1600.0.26.4)]" /><property name="fspath" value="tests/test_base_model.py" /></properties><environment framework-version="3.6.2" clr-version="3.9.6 (default, Oct  4 2024, 08:01:31) &#10;[Clang 16.0.0 (clang-1600.0.26.4)]" os-version="24.1.0" platform="Darwin" cwd="/Users/omri.mendels/Library/CloudStorage/OneDrive-Microsoft/Projects/presidio/code/presidio-research" machine-name="arm64" user="" user-domain="" culture="en-US" uiculture="en-US" os-architecture="64bit" /><failure><message><![CDATA[]]></message><stack-trace><![CDATA[None]]></stack-trace></failure><reason><message><![CDATA[]]></message></reason><output><![CDATA[]]></output></test-case><test-case id="106" name="tests/test_base_model.py::test_filter_tags_in_supported_entities[tags1-expected_tags1]" fullname="tests/test_base_model.py::test_filter_tags_in_supported_entities[tags1-expected_tags1]" methodname="test_filter_tags_in_supported_entities[tags1-expected_tags1]" classname="tests/test_base_model.py" runstate="Runnable" seed="1" result="Passed" label="" start-time="2024-11-26 08:28:08.844540" end-time="2024-11-26 08:28:08.844761" duration="0.000221" asserts="0"><properties><property name="python-version" value="3.9.6 (default, Oct  4 2024, 08:01:31) &#10;[Clang 16.0.0 (clang-1600.0.26.4)]" /><property name="fspath" value="tests/test_base_model.py" /></properties><environment framework-version="3.6.2" clr-version="3.9.6 (default, Oct  4 2024, 08:01:31) &#10;[Clang 16.0.0 (clang-1600.0.26.4)]" os-version="24.1.0" platform="Darwin" cwd="/Users/omri.mendels/Library/CloudStorage/OneDrive-Microsoft/Projects/presidio/code/presidio-research" machine-name="arm64" user="" user-domain="" culture="en-US" uiculture="en-US" os-architecture="64bit" /><failure><message><![CDATA[]]></message><stack-trace><![CDATA[None]]></stack-trace></failure><reason><message><![CDATA[]]></message></reason><output><![CDATA[]]></output></test-case><test-case id="107" name="tests/test_base_model.py::test_filter_tags_in_supported_entities[tags2-expected_tags2]" fullname="tests/test_base_model.py::test_filter_tags_in_supported_entities[tags2-expected_tags2]" methodname="test_filter_tags_in_supported_entities[tags2-expected_tags2]" classname="tests/test_base_model.py" runstate="Runnable" seed="1" result="Passed" label="" start-time="2024-11-26 08:28:08.844991" end-time="2024-11-26 08:28:08.845209" duration="0.000218" asserts="0"><properties><property name="python-version" value="3.9.6 (default, Oct  4 2024, 08:01:31) &#10;[Clang 16.0.0 (clang-1600.0.26.4)]" /><property name="fspath" value="tests/test_base_model.py" /></properties><environment framework-version="3.6.2" clr-version="3.9.6 (default, Oct  4 2024, 08:01:31) &#10;[Clang 16.0.0 (clang-1600.0.26.4)]" os-version="24.1.0" platform="Darwin" cwd="/Users/omri.mendels/Library/CloudStorage/OneDrive-Microsoft/Projects/presidio/code/presidio-research" machine-name="arm64" user="" user-domain="" culture="en-US" uiculture="en-US" os-architecture="64bit" /><failure><message><![CDATA[]]></message><stack-trace><![CDATA[None]]></stack-trace></failure><reason><message><![CDATA[]]></message></reason><output><![CDATA[]]></output></test-case><test-case id="108" name="tests/test_base_model.py::test_to_scheme[tags0-expected_tags0-BILUO]" fullname="tests/test_base_model.py::test_to_scheme[tags0-expected_tags0-BILUO]" methodname="test_to_scheme[tags0-expected_tags0-BILUO]" classname="tests/test_base_model.py" runstate="Runnable" seed="1" result="Passed" label="" start-time="2024-11-26 08:28:08.845451" end-time="2024-11-26 08:28:08.845676" duration="0.000225" asserts="0"><properties><property name="python-version" value="3.9.6 (default, Oct  4 2024, 08:01:31) &#10;[Clang 16.0.0 (clang-1600.0.26.4)]" /><property name="fspath" value="tests/test_base_model.py" /></properties><environment framework-version="3.6.2" clr-version="3.9.6 (default, Oct  4 2024, 08:01:31) &#10;[Clang 16.0.0 (clang-1600.0.26.4)]" os-version="24.1.0" platform="Darwin" cwd="/Users/omri.mendels/Library/CloudStorage/OneDrive-Microsoft/Projects/presidio/code/presidio-research" machine-name="arm64" user="" user-domain="" culture="en-US" uiculture="en-US" os-architecture="64bit" /><failure><message><![CDATA[]]></message><stack-trace><![CDATA[None]]></stack-trace></failure><reason><message><![CDATA[]]></message></reason><output><![CDATA[]]></output></test-case><test-case id="109" name="tests/test_base_model.py::test_to_scheme[tags1-expected_tags1-BIO]" fullname="tests/test_base_model.py::test_to_scheme[tags1-expected_tags1-BIO]" methodname="test_to_scheme[tags1-expected_tags1-BIO]" classname="tests/test_base_model.py" runstate="Runnable" seed="1" result="Passed" label="" start-time="2024-11-26 08:28:08.845921" end-time="2024-11-26 08:28:08.846147" duration="0.000226" asserts="0"><properties><property name="python-version" value="3.9.6 (default, Oct  4 2024, 08:01:31) &#10;[Clang 16.0.0 (clang-1600.0.26.4)]" /><property name="fspath" value="tests/test_base_model.py" /></properties><environment framework-version="3.6.2" clr-version="3.9.6 (default, Oct  4 2024, 08:01:31) &#10;[Clang 16.0.0 (clang-1600.0.26.4)]" os-version="24.1.0" platform="Darwin" cwd="/Users/omri.mendels/Library/CloudStorage/OneDrive-Microsoft/Projects/presidio/code/presidio-research" machine-name="arm64" user="" user-domain="" culture="en-US" uiculture="en-US" os-architecture="64bit" /><failure><message><![CDATA[]]></message><stack-trace><![CDATA[None]]></stack-trace></failure><reason><message><![CDATA[]]></message></reason><output><![CDATA[]]></output></test-case><test-case id="110" name="tests/test_base_model.py::test_to_scheme[tags2-expected_tags2-BILUO]" fullname="tests/test_base_model.py::test_to_scheme[tags2-expected_tags2-BILUO]" methodname="test_to_scheme[tags2-expected_tags2-BILUO]" classname="tests/test_base_model.py" runstate="Runnable" seed="1" result="Passed" label="" start-time="2024-11-26 08:28:08.846385" end-time="2024-11-26 08:28:08.846611" duration="0.000226" asserts="0"><properties><property name="python-version" value="3.9.6 (default, Oct  4 2024, 08:01:31) &#10;[Clang 16.0.0 (clang-1600.0.26.4)]" /><property name="fspath" value="tests/test_base_model.py" /></properties><environment framework-version="3.6.2" clr-version="3.9.6 (default, Oct  4 2024, 08:01:31) &#10;[Clang 16.0.0 (clang-1600.0.26.4)]" os-version="24.1.0" platform="Darwin" cwd="/Users/omri.mendels/Library/CloudStorage/OneDrive-Microsoft/Projects/presidio/code/presidio-research" machine-name="arm64" user="" user-domain="" culture="en-US" uiculture="en-US" os-architecture="64bit" /><failure><message><![CDATA[]]></message><stack-trace><![CDATA[None]]></stack-trace></failure><reason><message><![CDATA[]]></message></reason><output><![CDATA[]]></output></test-case><test-case id="111" name="tests/test_base_model.py::test_to_log" fullname="tests/test_base_model.py::test_to_log" methodname="test_to_log" classname="tests/test_base_model.py" runstate="Runnable" seed="1" result="Passed" label="" start-time="2024-11-26 08:28:08.846785" end-time="2024-11-26 08:28:08.846989" duration="0.000204" asserts="0"><properties><property name="python-version" value="3.9.6 (default, Oct  4 2024, 08:01:31) &#10;[Clang 16.0.0 (clang-1600.0.26.4)]" /><property name="fspath" value="tests/test_base_model.py" /></properties><environment framework-version="3.6.2" clr-version="3.9.6 (default, Oct  4 2024, 08:01:31) &#10;[Clang 16.0.0 (clang-1600.0.26.4)]" os-version="24.1.0" platform="Darwin" cwd="/Users/omri.mendels/Library/CloudStorage/OneDrive-Microsoft/Projects/presidio/code/presidio-research" machine-name="arm64" user="" user-domain="" culture="en-US" uiculture="en-US" os-architecture="64bit" /><failure><message><![CDATA[]]></message><stack-trace><![CDATA[None]]></stack-trace></failure><reason><message><![CDATA[]]></message></reason><output><![CDATA[]]></output></test-case><environment framework-version="3.6.2" clr-version="3.9.6 (default, Oct  4 2024, 08:01:31) &#10;[Clang 16.0.0 (clang-1600.0.26.4)]" os-version="24.1.0" platform="Darwin" cwd="/Users/omri.mendels/Library/CloudStorage/OneDrive-Microsoft/Projects/presidio/code/presidio-research" machine-name="arm64" user="" user-domain="" culture="en-US" uiculture="en-US" os-architecture="64bit" /></test-suite><test-suite id="tests/test_spacy_recognizer_generated_text.py" name="tests/test_spacy_recognizer_generated_text.py" fullname="tests/test_spacy_recognizer_generated_text.py" methodname="" classname="" runstate="Runnable" type="Assembly" testcasecount="2" result="Passed" label="" start-time="2024-11-26 08:29:22.834966" end-time="2024-11-26 08:29:44.716624" duration="21.881658" asserts="0" total="2" passed="2" failed="0" warnings="0" inconclusive="0" skipped="0"><properties><property name="python_version" value="3.9.6 (default, Oct  4 2024, 08:01:31) &#10;[Clang 16.0.0 (clang-1600.0.26.4)]" /></properties><test-case id="199" name="tests/test_spacy_recognizer_generated_text.py::test_spacy_recognizer_with_generated_text[small-set]" fullname="tests/test_spacy_recognizer_generated_text.py::test_spacy_recognizer_with_generated_text[small-set]" methodname="test_spacy_recognizer_with_generated_text[small-set]" classname="tests/test_spacy_recognizer_generated_text.py" runstate="Runnable" seed="1" result="Passed" label="Test spacy recognizer with a generated dataset text file&#10;    :param test_input: input text file location&#10;    :param acceptance_threshold: minimim precision/recall&#10;     allowed for tests to pass" start-time="2024-11-26 08:29:22.834966" end-time="2024-11-26 08:29:25.025750" duration="2.190784" asserts="0"><properties><property name="python-version" value="3.9.6 (default, Oct  4 2024, 08:01:31) &#10;[Clang 16.0.0 (clang-1600.0.26.4)]" /><property name="fspath" value="tests/test_spacy_recognizer_generated_text.py" /></properties><environment framework-version="3.6.2" clr-version="3.9.6 (default, Oct  4 2024, 08:01:31) &#10;[Clang 16.0.0 (clang-1600.0.26.4)]" os-version="24.1.0" platform="Darwin" cwd="/Users/omri.mendels/Library/CloudStorage/OneDrive-Microsoft/Projects/presidio/code/presidio-research" machine-name="arm64" user="" user-domain="" culture="en-US" uiculture="en-US" os-architecture="64bit" /><failure><message><![CDATA[]]></message><stack-trace><![CDATA[None]]></stack-trace></failure><reason><message><![CDATA[&#x1b;[33mWARNING &#x1b;[0m presidio-analyzer:ner_model_configuration.py:78 model_to_presidio_entity_mapping is missing from configuration, using default
&#x1b;[33mWARNING &#x1b;[0m presidio-analyzer:ner_model_configuration.py:84 low_score_entity_names is missing from configuration, using default
&#x1b;[33mWARNING &#x1b;[0m presidio-analyzer:ner_model_configuration.py:89 labels_to_ignore is missing from configuration, using default
&#x1b;[33mWARNING &#x1b;[0m presidio-analyzer:spacy_nlp_engine.py:224 Entity FAC is not mapped to a Presidio entity, but keeping anyway. Add to `NerModelConfiguration.labels_to_ignore` to remove.
&#x1b;[33mWARNING &#x1b;[0m presidio-analyzer:spacy_nlp_engine.py:224 Entity FAC is not mapped to a Presidio entity, but keeping anyway. Add to `NerModelConfiguration.labels_to_ignore` to remove.
&#x1b;[33mWARNING &#x1b;[0m presidio-analyzer:spacy_nlp_engine.py:224 Entity FAC is not mapped to a Presidio entity, but keeping anyway. Add to `NerModelConfiguration.labels_to_ignore` to remove.]]></message></reason><output><![CDATA[&#x1b;[33mWARNING &#x1b;[0m presidio-analyzer:ner_model_configuration.py:78 model_to_presidio_entity_mapping is missing from configuration, using default
&#x1b;[33mWARNING &#x1b;[0m presidio-analyzer:ner_model_configuration.py:84 low_score_entity_names is missing from configuration, using default
&#x1b;[33mWARNING &#x1b;[0m presidio-analyzer:ner_model_configuration.py:89 labels_to_ignore is missing from configuration, using default
&#x1b;[33mWARNING &#x1b;[0m presidio-analyzer:spacy_nlp_engine.py:224 Entity FAC is not mapped to a Presidio entity, but keeping anyway. Add to `NerModelConfiguration.labels_to_ignore` to remove.
&#x1b;[33mWARNING &#x1b;[0m presidio-analyzer:spacy_nlp_engine.py:224 Entity FAC is not mapped to a Presidio entity, but keeping anyway. Add to `NerModelConfiguration.labels_to_ignore` to remove.
&#x1b;[33mWARNING &#x1b;[0m presidio-analyzer:spacy_nlp_engine.py:224 Entity FAC is not mapped to a Presidio entity, but keeping anyway. Add to `NerModelConfiguration.labels_to_ignore` to remove.]]></output></test-case><test-case id="200" name="tests/test_spacy_recognizer_generated_text.py::test_spacy_recognizer_with_generated_text[large-set]" fullname="tests/test_spacy_recognizer_generated_text.py::test_spacy_recognizer_with_generated_text[large-set]" methodname="test_spacy_recognizer_with_generated_text[large-set]" classname="tests/test_spacy_recognizer_generated_text.py" runstate="Runnable" seed="1" result="Passed" label="Test spacy recognizer with a generated dataset text file&#10;    :param test_input: input text file location&#10;    :param acceptance_threshold: minimim precision/recall&#10;     allowed for tests to pass" start-time="2024-11-26 08:29:25.026209" end-time="2024-11-26 08:29:44.716624" duration="19.690415" asserts="0"><properties><property name="python-version" value="3.9.6 (default, Oct  4 2024, 08:01:31) &#10;[Clang 16.0.0 (clang-1600.0.26.4)]" /><property name="fspath" value="tests/test_spacy_recognizer_generated_text.py" /></properties><environment framework-version="3.6.2" clr-version="3.9.6 (default, Oct  4 2024, 08:01:31) &#10;[Clang 16.0.0 (clang-1600.0.26.4)]" os-version="24.1.0" platform="Darwin" cwd="/Users/omri.mendels/Library/CloudStorage/OneDrive-Microsoft/Projects/presidio/code/presidio-research" machine-name="arm64" user="" user-domain="" culture="en-US" uiculture="en-US" os-architecture="64bit" /><failure><message><![CDATA[]]></message><stack-trace><![CDATA[None]]></stack-trace></failure><reason><message><![CDATA[&#x1b;[33mWARNING &#x1b;[0m presidio-analyzer:ner_model_configuration.py:78 model_to_presidio_entity_mapping is missing from configuration, using default
&#x1b;[33mWARNING &#x1b;[0m presidio-analyzer:ner_model_configuration.py:84 low_score_entity_names is missing from configuration, using default
&#x1b;[33mWARNING &#x1b;[0m presidio-analyzer:ner_model_configuration.py:89 labels_to_ignore is missing from configuration, using default
&#x1b;[33mWARNING &#x1b;[0m presidio-analyzer:spacy_nlp_engine.py:224 Entity FAC is not mapped to a Presidio entity, but keeping anyway. Add to `NerModelConfiguration.labels_to_ignore` to remove.
&#x1b;[33mWARNING &#x1b;[0m presidio-analyzer:spacy_nlp_engine.py:224 Entity FAC is not mapped to a Presidio entity, but keeping anyway. Add to `NerModelConfiguration.labels_to_ignore` to remove.
&#x1b;[33mWARNING &#x1b;[0m presidio-analyzer:spacy_nlp_engine.py:224 Entity FAC is not mapped to a Presidio entity, but keeping anyway. Add to `NerModelConfiguration.labels_to_ignore` to remove.
&#x1b;[33mWARNING &#x1b;[0m presidio-analyzer:spacy_nlp_engine.py:224 Entity FAC is not mapped to a Presidio entity, but keeping anyway. Add to `NerModelConfiguration.labels_to_ignore` to remove.
&#x1b;[33mWARNING &#x1b;[0m presidio-analyzer:spacy_nlp_engine.py:224 Entity FAC is not mapped to a Presidio entity, but keeping anyway. Add to `NerModelConfiguration.labels_to_ignore` to remove.
&#x1b;[33mWARNING &#x1b;[0m presidio-analyzer:spacy_nlp_engine.py:224 Entity FAC is not mapped to a Presidio entity, but keeping anyway. Add to `NerModelConfiguration.labels_to_ignore` to remove.
&#x1b;[33mWARNING &#x1b;[0m presidio-analyzer:spacy_nlp_engine.py:224 Entity FAC is not mapped to a Presidio entity, but keeping anyway. Add to `NerModelConfiguration.labels_to_ignore` to remove.
&#x1b;[33mWARNING &#x1b;[0m presidio-analyzer:spacy_nlp_engine.py:224 Entity FAC is not mapped to a Presidio entity, but keeping anyway. Add to `NerModelConfiguration.labels_to_ignore` to remove.
&#x1b;[33mWARNING &#x1b;[0m presidio-analyzer:spacy_nlp_engine.py:224 Entity FAC is not mapped to a Presidio entity, but keeping anyway. Add to `NerModelConfiguration.labels_to_ignore` to remove.
&#x1b;[33mWARNING &#x1b;[0m presidio-analyzer:spacy_nlp_engine.py:224 Entity FAC is not mapped to a Presidio entity, but keeping anyway. Add to `NerModelConfiguration.labels_to_ignore` to remove.
&#x1b;[33mWARNING &#x1b;[0m presidio-analyzer:spacy_nlp_engine.py:224 Entity FAC is not mapped to a Presidio entity, but keeping anyway. Add to `NerModelConfiguration.labels_to_ignore` to remove.
&#x1b;[33mWARNING &#x1b;[0m presidio-analyzer:spacy_nlp_engine.py:224 Entity FAC is not mapped to a Presidio entity, but keeping anyway. Add to `NerModelConfiguration.labels_to_ignore` to remove.
&#x1b;[33mWARNING &#x1b;[0m presidio-analyzer:spacy_nlp_engine.py:224 Entity FAC is not mapped to a Presidio entity, but keeping anyway. Add to `NerModelConfiguration.labels_to_ignore` to remove.
&#x1b;[33mWARNING &#x1b;[0m presidio-analyzer:spacy_nlp_engine.py:224 Entity FAC is not mapped to a Presidio entity, but keeping anyway. Add to `NerModelConfiguration.labels_to_ignore` to remove.
&#x1b;[33mWARNING &#x1b;[0m presidio-analyzer:spacy_nlp_engine.py:224 Entity FAC is not mapped to a Presidio entity, but keeping anyway. Add to `NerModelConfiguration.labels_to_ignore` to remove.
&#x1b;[33mWARNING &#x1b;[0m presidio-analyzer:spacy_nlp_engine.py:224 Entity FAC is not mapped to a Presidio entity, but keeping anyway. Add to `NerModelConfiguration.labels_to_ignore` to remove.
&#x1b;[33mWARNING &#x1b;[0m presidio-analyzer:spacy_nlp_engine.py:224 Entity FAC is not mapped to a Presidio entity, but keeping anyway. Add to `NerModelConfiguration.labels_to_ignore` to remove.
&#x1b;[33mWARNING &#x1b;[0m presidio-analyzer:spacy_nlp_engine.py:224 Entity FAC is not mapped to a Presidio entity, but keeping anyway. Add to `NerModelConfiguration.labels_to_ignore` to remove.
&#x1b;[33mWARNING &#x1b;[0m presidio-analyzer:spacy_nlp_engine.py:224 Entity FAC is not mapped to a Presidio entity, but keeping anyway. Add to `NerModelConfiguration.labels_to_ignore` to remove.
&#x1b;[33mWARNING &#x1b;[0m presidio-analyzer:spacy_nlp_engine.py:224 Entity FAC is not mapped to a Presidio entity, but keeping anyway. Add to `NerModelConfiguration.labels_to_ignore` to remove.
&#x1b;[33mWARNING &#x1b;[0m presidio-analyzer:spacy_nlp_engine.py:224 Entity FAC is not mapped to a Presidio entity, but keeping anyway. Add to `NerModelConfiguration.labels_to_ignore` to remove.
&#x1b;[33mWARNING &#x1b;[0m presidio-analyzer:spacy_nlp_engine.py:224 Entity FAC is not mapped to a Presidio entity, but keeping anyway. Add to `NerModelConfiguration.labels_to_ignore` to remove.
&#x1b;[33mWARNING &#x1b;[0m presidio-analyzer:spacy_nlp_engine.py:224 Entity FAC is not mapped to a Presidio entity, but keeping anyway. Add to `NerModelConfiguration.labels_to_ignore` to remove.
&#x1b;[33mWARNING &#x1b;[0m presidio-analyzer:spacy_nlp_engine.py:224 Entity FAC is not mapped to a Presidio entity, but keeping anyway. Add to `NerModelConfiguration.labels_to_ignore` to remove.
&#x1b;[33mWARNING &#x1b;[0m presidio-analyzer:spacy_nlp_engine.py:224 Entity FAC is not mapped to a Presidio entity, but keeping anyway. Add to `NerModelConfiguration.labels_to_ignore` to remove.
&#x1b;[33mWARNING &#x1b;[0m presidio-analyzer:spacy_nlp_engine.py:224 Entity FAC is not mapped to a Presidio entity, but keeping anyway. Add to `NerModelConfiguration.labels_to_ignore` to remove.
&#x1b;[33mWARNING &#x1b;[0m presidio-analyzer:spacy_nlp_engine.py:224 Entity FAC is not mapped to a Presidio entity, but keeping anyway. Add to `NerModelConfiguration.labels_to_ignore` to remove.
&#x1b;[33mWARNING &#x1b;[0m presidio-analyzer:spacy_nlp_engine.py:224 Entity FAC is not mapped to a Presidio entity, but keeping anyway. Add to `NerModelConfiguration.labels_to_ignore` to remove.
&#x1b;[33mWARNING &#x1b;[0m presidio-analyzer:spacy_nlp_engine.py:224 Entity FAC is not mapped to a Presidio entity, but keeping anyway. Add to `NerModelConfiguration.labels_to_ignore` to remove.
&#x1b;[33mWARNING &#x1b;[0m presidio-analyzer:spacy_nlp_engine.py:224 Entity FAC is not mapped to a Presidio entity, but keeping anyway. Add to `NerModelConfiguration.labels_to_ignore` to remove.
&#x1b;[33mWARNING &#x1b;[0m presidio-analyzer:spacy_nlp_engine.py:224 Entity FAC is not mapped to a Presidio entity, but keeping anyway. Add to `NerModelConfiguration.labels_to_ignore` to remove.
&#x1b;[33mWARNING &#x1b;[0m presidio-analyzer:spacy_nlp_engine.py:224 Entity FAC is not mapped to a Presidio entity, but keeping anyway. Add to `NerModelConfiguration.labels_to_ignore` to remove.
&#x1b;[33mWARNING &#x1b;[0m presidio-analyzer:spacy_nlp_engine.py:224 Entity FAC is not mapped to a Presidio entity, but keeping anyway. Add to `NerModelConfiguration.labels_to_ignore` to remove.
&#x1b;[33mWARNING &#x1b;[0m presidio-analyzer:spacy_nlp_engine.py:224 Entity FAC is not mapped to a Presidio entity, but keeping anyway. Add to `NerModelConfiguration.labels_to_ignore` to remove.
&#x1b;[33mWARNING &#x1b;[0m presidio-analyzer:spacy_nlp_engine.py:224 Entity FAC is not mapped to a Presidio entity, but keeping anyway. Add to `NerModelConfiguration.labels_to_ignore` to remove.
&#x1b;[33mWARNING &#x1b;[0m presidio-analyzer:spacy_nlp_engine.py:224 Entity FAC is not mapped to a Presidio entity, but keeping anyway. Add to `NerModelConfiguration.labels_to_ignore` to remove.
&#x1b;[33mWARNING &#x1b;[0m presidio-analyzer:spacy_nlp_engine.py:224 Entity FAC is not mapped to a Presidio entity, but keeping anyway. Add to `NerModelConfiguration.labels_to_ignore` to remove.
&#x1b;[33mWARNING &#x1b;[0m presidio-analyzer:spacy_nlp_engine.py:224 Entity FAC is not mapped to a Presidio entity, but keeping anyway. Add to `NerModelConfiguration.labels_to_ignore` to remove.
&#x1b;[33mWARNING &#x1b;[0m presidio-analyzer:spacy_nlp_engine.py:224 Entity FAC is not mapped to a Presidio entity, but keeping anyway. Add to `NerModelConfiguration.labels_to_ignore` to remove.
&#x1b;[33mWARNING &#x1b;[0m presidio-analyzer:spacy_nlp_engine.py:224 Entity FAC is not mapped to a Presidio entity, but keeping anyway. Add to `NerModelConfiguration.labels_to_ignore` to remove.
&#x1b;[33mWARNING &#x1b;[0m presidio-analyzer:spacy_nlp_engine.py:224 Entity FAC is not mapped to a Presidio entity, but keeping anyway. Add to `NerModelConfiguration.labels_to_ignore` to remove.
&#x1b;[33mWARNING &#x1b;[0m presidio-analyzer:spacy_nlp_engine.py:224 Entity FAC is not mapped to a Presidio entity, but keeping anyway. Add to `NerModelConfiguration.labels_to_ignore` to remove.
&#x1b;[33mWARNING &#x1b;[0m presidio-analyzer:spacy_nlp_engine.py:224 Entity FAC is not mapped to a Presidio entity, but keeping anyway. Add to `NerModelConfiguration.labels_to_ignore` to remove.
&#x1b;[33mWARNING &#x1b;[0m presidio-analyzer:spacy_nlp_engine.py:224 Entity FAC is not mapped to a Presidio entity, but keeping anyway. Add to `NerModelConfiguration.labels_to_ignore` to remove.
&#x1b;[33mWARNING &#x1b;[0m presidio-analyzer:spacy_nlp_engine.py:224 Entity FAC is not mapped to a Presidio entity, but keeping anyway. Add to `NerModelConfiguration.labels_to_ignore` to remove.
&#x1b;[33mWARNING &#x1b;[0m presidio-analyzer:spacy_nlp_engine.py:224 Entity FAC is not mapped to a Presidio entity, but keeping anyway. Add to `NerModelConfiguration.labels_to_ignore` to remove.
&#x1b;[33mWARNING &#x1b;[0m presidio-analyzer:spacy_nlp_engine.py:224 Entity FAC is not mapped to a Presidio entity, but keeping anyway. Add to `NerModelConfiguration.labels_to_ignore` to remove.
&#x1b;[33mWARNING &#x1b;[0m presidio-analyzer:spacy_nlp_engine.py:224 Entity FAC is not mapped to a Presidio entity, but keeping anyway. Add to `NerModelConfiguration.labels_to_ignore` to remove.
&#x1b;[33mWARNING &#x1b;[0m presidio-analyzer:spacy_nlp_engine.py:224 Entity FAC is not mapped to a Presidio entity, but keeping anyway. Add to `NerModelConfiguration.labels_to_ignore` to remove.
&#x1b;[33mWARNING &#x1b;[0m presidio-analyzer:spacy_nlp_engine.py:224 Entity FAC is not mapped to a Presidio entity, but keeping anyway. Add to `NerModelConfiguration.labels_to_ignore` to remove.
&#x1b;[33mWARNING &#x1b;[0m presidio-analyzer:spacy_nlp_engine.py:224 Entity FAC is not mapped to a Presidio entity, but keeping anyway. Add to `NerModelConfiguration.labels_to_ignore` to remove.
&#x1b;[33mWARNING &#x1b;[0m presidio-analyzer:spacy_nlp_engine.py:224 Entity FAC is not mapped to a Presidio entity, but keeping anyway. Add to `NerModelConfiguration.labels_to_ignore` to remove.
&#x1b;[33mWARNING &#x1b;[0m presidio-analyzer:spacy_nlp_engine.py:224 Entity FAC is not mapped to a Presidio entity, but keeping anyway. Add to `NerModelConfiguration.labels_to_ignore` to remove.
&#x1b;[33mWARNING &#x1b;[0m presidio-analyzer:spacy_nlp_engine.py:224 Entity FAC is not mapped to a Presidio entity, but keeping anyway. Add to `NerModelConfiguration.labels_to_ignore` to remove.
&#x1b;[33mWARNING &#x1b;[0m presidio-analyzer:spacy_nlp_engine.py:224 Entity FAC is not mapped to a Presidio entity, but keeping anyway. Add to `NerModelConfiguration.labels_to_ignore` to remove.
&#x1b;[33mWARNING &#x1b;[0m presidio-analyzer:spacy_nlp_engine.py:224 Entity FAC is not mapped to a Presidio entity, but keeping anyway. Add to `NerModelConfiguration.labels_to_ignore` to remove.
&#x1b;[33mWARNING &#x1b;[0m presidio-analyzer:spacy_nlp_engine.py:224 Entity FAC is not mapped to a Presidio entity, but keeping anyway. Add to `NerModelConfiguration.labels_to_ignore` to remove.
&#x1b;[33mWARNING &#x1b;[0m presidio-analyzer:spacy_nlp_engine.py:224 Entity FAC is not mapped to a Presidio entity, but keeping anyway. Add to `NerModelConfiguration.labels_to_ignore` to remove.
&#x1b;[33mWARNING &#x1b;[0m presidio-analyzer:spacy_nlp_engine.py:224 Entity FAC is not mapped to a Presidio entity, but keeping anyway. Add to `NerModelConfiguration.labels_to_ignore` to remove.
&#x1b;[33mWARNING &#x1b;[0m presidio-analyzer:spacy_nlp_engine.py:224 Entity FAC is not mapped to a Presidio entity, but keeping anyway. Add to `NerModelConfiguration.labels_to_ignore` to remove.
&#x1b;[33mWARNING &#x1b;[0m presidio-analyzer:spacy_nlp_engine.py:224 Entity FAC is not mapped to a Presidio entity, but keeping anyway. Add to `NerModelConfiguration.labels_to_ignore` to remove.
&#x1b;[33mWARNING &#x1b;[0m presidio-analyzer:spacy_nlp_engine.py:224 Entity FAC is not mapped to a Presidio entity, but keeping anyway. Add to `NerModelConfiguration.labels_to_ignore` to remove.
&#x1b;[33mWARNING &#x1b;[0m presidio-analyzer:spacy_nlp_engine.py:224 Entity FAC is not mapped to a Presidio entity, but keeping anyway. Add to `NerModelConfiguration.labels_to_ignore` to remove.
&#x1b;[33mWARNING &#x1b;[0m presidio-analyzer:spacy_nlp_engine.py:224 Entity FAC is not mapped to a Presidio entity, but keeping anyway. Add to `NerModelConfiguration.labels_to_ignore` to remove.
&#x1b;[33mWARNING &#x1b;[0m presidio-analyzer:spacy_nlp_engine.py:224 Entity FAC is not mapped to a Presidio entity, but keeping anyway. Add to `NerModelConfiguration.labels_to_ignore` to remove.
&#x1b;[33mWARNING &#x1b;[0m presidio-analyzer:spacy_nlp_engine.py:224 Entity FAC is not mapped to a Presidio entity, but keeping anyway. Add to `NerModelConfiguration.labels_to_ignore` to remove.
&#x1b;[33mWARNING &#x1b;[0m presidio-analyzer:spacy_nlp_engine.py:224 Entity FAC is not mapped to a Presidio entity, but keeping anyway. Add to `NerModelConfiguration.labels_to_ignore` to remove.
&#x1b;[33mWARNING &#x1b;[0m presidio-analyzer:spacy_nlp_engine.py:224 Entity FAC is not mapped to a Presidio entity, but keeping anyway. Add to `NerModelConfiguration.labels_to_ignore` to remove.
&#x1b;[33mWARNING &#x1b;[0m presidio-analyzer:spacy_nlp_engine.py:224 Entity FAC is not mapped to a Presidio entity, but keeping anyway. Add to `NerModelConfiguration.labels_to_ignore` to remove.
&#x1b;[33mWARNING &#x1b;[0m presidio-analyzer:spacy_nlp_engine.py:224 Entity FAC is not mapped to a Presidio entity, but keeping anyway. Add to `NerModelConfiguration.labels_to_ignore` to remove.
&#x1b;[33mWARNING &#x1b;[0m presidio-analyzer:spacy_nlp_engine.py:224 Entity FAC is not mapped to a Presidio entity, but keeping anyway. Add to `NerModelConfiguration.labels_to_ignore` to remove.
&#x1b;[33mWARNING &#x1b;[0m presidio-analyzer:spacy_nlp_engine.py:224 Entity FAC is not mapped to a Presidio entity, but keeping anyway. Add to `NerModelConfiguration.labels_to_ignore` to remove.
&#x1b;[33mWARNING &#x1b;[0m presidio-analyzer:spacy_nlp_engine.py:224 Entity FAC is not mapped to a Presidio entity, but keeping anyway. Add to `NerModelConfiguration.labels_to_ignore` to remove.
&#x1b;[33mWARNING &#x1b;[0m presidio-analyzer:spacy_nlp_engine.py:224 Entity FAC is not mapped to a Presidio entity, but keeping anyway. Add to `NerModelConfiguration.labels_to_ignore` to remove.
&#x1b;[33mWARNING &#x1b;[0m presidio-analyzer:spacy_nlp_engine.py:224 Entity FAC is not mapped to a Presidio entity, but keeping anyway. Add to `NerModelConfiguration.labels_to_ignore` to remove.
&#x1b;[33mWARNING &#x1b;[0m presidio-analyzer:spacy_nlp_engine.py:224 Entity FAC is not mapped to a Presidio entity, but keeping anyway. Add to `NerModelConfiguration.labels_to_ignore` to remove.
&#x1b;[33mWARNING &#x1b;[0m presidio-analyzer:spacy_nlp_engine.py:224 Entity FAC is not mapped to a Presidio entity, but keeping anyway. Add to `NerModelConfiguration.labels_to_ignore` to remove.
&#x1b;[33mWARNING &#x1b;[0m presidio-analyzer:spacy_nlp_engine.py:224 Entity FAC is not mapped to a Presidio entity, but keeping anyway. Add to `NerModelConfiguration.labels_to_ignore` to remove.
&#x1b;[33mWARNING &#x1b;[0m presidio-analyzer:spacy_nlp_engine.py:224 Entity FAC is not mapped to a Presidio entity, but keeping anyway. Add to `NerModelConfiguration.labels_to_ignore` to remove.
&#x1b;[33mWARNING &#x1b;[0m presidio-analyzer:spacy_nlp_engine.py:224 Entity FAC is not mapped to a Presidio entity, but keeping anyway. Add to `NerModelConfiguration.labels_to_ignore` to remove.
[...]
perties><property name="python_version" value="3.9.6 (default, Oct  4 2024, 08:01:31) &#10;[Clang 16.0.0 (clang-1600.0.26.4)]" /></properties><test-case id="182" name="tests/test_providers.py::test_nationality_provider" fullname="tests/test_providers.py::test_nationality_provider" methodname="test_nationality_provider" classname="tests/test_providers.py" runstate="Runnable" seed="1" result="Passed" label="" start-time="2024-11-26 08:29:00.461947" end-time="2024-11-26 08:29:00.525699" duration="0.063752" asserts="0"><properties><property name="python-version" value="3.9.6 (default, Oct  4 2024, 08:01:31) &#10;[Clang 16.0.0 (clang-1600.0.26.4)]" /><property name="fspath" value="tests/test_providers.py" /></properties><environment framework-version="3.6.2" clr-version="3.9.6 (default, Oct  4 2024, 08:01:31) &#10;[Clang 16.0.0 (clang-1600.0.26.4)]" os-version="24.1.0" platform="Darwin" cwd="/Users/omri.mendels/Library/CloudStorage/OneDrive-Microsoft/Projects/presidio/code/presidio-research" machine-name="arm64" user="" user-domain="" culture="en-US" uiculture="en-US" os-architecture="64bit" /><failure><message><![CDATA[]]></message><stack-trace><![CDATA[None]]></stack-trace></failure><reason><message><![CDATA[]]></message></reason><output><![CDATA[]]></output></test-case><test-case id="183" name="tests/test_providers.py::test_organization_provider" fullname="tests/test_providers.py::test_organization_provider" methodname="test_organization_provider" classname="tests/test_providers.py" runstate="Runnable" seed="1" result="Passed" label="" start-time="2024-11-26 08:29:00.525938" end-time="2024-11-26 08:29:00.587217" duration="0.061279" asserts="0"><properties><property name="python-version" value="3.9.6 (default, Oct  4 2024, 08:01:31) &#10;[Clang 16.0.0 (clang-1600.0.26.4)]" /><property name="fspath" value="tests/test_providers.py" /></properties><environment framework-version="3.6.2" clr-version="3.9.6 (default, Oct  4 2024, 08:01:31) &#10;[Clang 16.0.0 (clang-1600.0.26.4)]" os-version="24.1.0" platform="Darwin" cwd="/Users/omri.mendels/Library/CloudStorage/OneDrive-Microsoft/Projects/presidio/code/presidio-research" machine-name="arm64" user="" user-domain="" culture="en-US" uiculture="en-US" os-architecture="64bit" /><failure><message><![CDATA[]]></message><stack-trace><![CDATA[None]]></stack-trace></failure><reason><message><![CDATA[]]></message></reason><output><![CDATA[]]></output></test-case><test-case id="184" name="tests/test_providers.py::test_hospital_provider" fullname="tests/test_providers.py::test_hospital_provider" methodname="test_hospital_provider" classname="tests/test_providers.py" runstate="Runnable" seed="1" result="Passed" label="" start-time="2024-11-26 08:29:00.587482" end-time="2024-11-26 08:29:03.934973" duration="3.347491" asserts="0"><properties><property name="python-version" value="3.9.6 (default, Oct  4 2024, 08:01:31) &#10;[Clang 16.0.0 (clang-1600.0.26.4)]" /><property name="fspath" value="tests/test_providers.py" /></properties><environment framework-version="3.6.2" clr-version="3.9.6 (default, Oct  4 2024, 08:01:31) &#10;[Clang 16.0.0 (clang-1600.0.26.4)]" os-version="24.1.0" platform="Darwin" cwd="/Users/omri.mendels/Library/CloudStorage/OneDrive-Microsoft/Projects/presidio/code/presidio-research" machine-name="arm64" user="" user-domain="" culture="en-US" uiculture="en-US" os-architecture="64bit" /><failure><message><![CDATA[]]></message><stack-trace><![CDATA[None]]></stack-trace></failure><reason><message><![CDATA[]]></message></reason><output><![CDATA[]]></output></test-case><environment framework-version="3.6.2" clr-version="3.9.6 (default, Oct  4 2024, 08:01:31) &#10;[Clang 16.0.0 (clang-1600.0.26.4)]" os-version="24.1.0" platform="Darwin" cwd="/Users/omri.mendels/Library/CloudStorage/OneDrive-Microsoft/Projects/presidio/code/presidio-research" machine-name="arm64" user="" user-domain="" culture="en-US" uiculture="en-US" os-architecture="64bit" /></test-suite><test-suite id="tests/test_span_generator.py" name="tests/test_span_generator.py" fullname="tests/test_span_generator.py" methodname="" classname="" runstate="Runnable" type="Assembly" testcasecount="12" result="Passed" label="" start-time="2024-11-26 08:29:44.840947" end-time="2024-11-26 08:29:44.846819" duration="0.005872" asserts="0" total="12" passed="12" failed="0" warnings="0" inconclusive="0" skipped="0"><properties><property name="python_version" value="3.9.6 (default, Oct  4 2024, 08:01:31) &#10;[Clang 16.0.0 (clang-1600.0.26.4)]" /></properties><test-case id="201" name="tests/test_span_generator.py::test_one_replacement[My name is {{foo}}-My name is bar]" fullname="tests/test_span_generator.py::test_one_replacement[My name is {{foo}}-My name is bar]" methodname="test_one_replacement[My name is {{foo}}-My name is bar]" classname="tests/test_span_generator.py" runstate="Runnable" seed="1" result="Passed" label="" start-time="2024-11-26 08:29:44.840947" end-time="2024-11-26 08:29:44.841226" duration="0.000279" asserts="0"><properties><property name="python-version" value="3.9.6 (default, Oct  4 2024, 08:01:31) &#10;[Clang 16.0.0 (clang-1600.0.26.4)]" /><property name="fspath" value="tests/test_span_generator.py" /></properties><environment framework-version="3.6.2" clr-version="3.9.6 (default, Oct  4 2024, 08:01:31) &#10;[Clang 16.0.0 (clang-1600.0.26.4)]" os-version="24.1.0" platform="Darwin" cwd="/Users/omri.mendels/Library/CloudStorage/OneDrive-Microsoft/Projects/presidio/code/presidio-research" machine-name="arm64" user="" user-domain="" culture="en-US" uiculture="en-US" os-architecture="64bit" /><failure><message><![CDATA[]]></message><stack-trace><![CDATA[None]]></stack-trace></failure><reason><message><![CDATA[]]></message></reason><output><![CDATA[]]></output></test-case><test-case id="202" name="tests/test_span_generator.py::test_one_replacement[My name is {{  foo   }}-My name is bar]" fullname="tests/test_span_generator.py::test_one_replacement[My name is {{  foo   }}-My name is bar]" methodname="test_one_replacement[My name is {{  foo   }}-My name is bar]" classname="tests/test_span_generator.py" runstate="Runnable" seed="1" result="Passed" label="" start-time="2024-11-26 08:29:44.841497" end-time="2024-11-26 08:29:44.841723" duration="0.000226" asserts="0"><properties><property name="python-version" value="3.9.6 (default, Oct  4 2024, 08:01:31) &#10;[Clang 16.0.0 (clang-1600.0.26.4)]" /><property name="fspath" value="tests/test_span_generator.py" /></properties><environment framework-version="3.6.2" clr-version="3.9.6 (default, Oct  4 2024, 08:01:31) &#10;[Clang 16.0.0 (clang-1600.0.26.4)]" os-version="24.1.0" platform="Darwin" cwd="/Users/omri.mendels/Library/CloudStorage/OneDrive-Microsoft/Projects/presidio/code/presidio-research" machine-name="arm64" user="" user-domain="" culture="en-US" uiculture="en-US" os-architecture="64bit" /><failure><message><![CDATA[]]></message><stack-trace><![CDATA[None]]></stack-trace></failure><reason><message><![CDATA[]]></message></reason><output><![CDATA[]]></output></test-case><test-case id="203" name="tests/test_span_generator.py::test_one_replacement[my name is {{foofoofoo}}-my name is bar]" fullname="tests/test_span_generator.py::test_one_replacement[my name is {{foofoofoo}}-my name is bar]" methodname="test_one_replacement[my name is {{foofoofoo}}-my name is bar]" classname="tests/test_span_generator.py" runstate="Runnable" seed="1" result="Passed" label="" start-time="2024-11-26 08:29:44.841947" end-time="2024-11-26 08:29:44.842178" duration="0.000231" asserts="0"><properties><property name="python-version" value="3.9.6 (default, Oct  4 2024, 08:01:31) &#10;[Clang 16.0.0 (clang-1600.0.26.4)]" /><property name="fspath" value="tests/test_span_generator.py" /></properties><environment framework-version="3.6.2" clr-version="3.9.6 (default, Oct  4 2024, 08:01:31) &#10;[Clang 16.0.0 (clang-1600.0.26.4)]" os-version="24.1.0" platform="Darwin" cwd="/Users/omri.mendels/Library/CloudStorage/OneDrive-Microsoft/Projects/presidio/code/presidio-research" machine-name="arm64" user="" user-domain="" culture="en-US" uiculture="en-US" os-architecture="64bit" /><failure><message><![CDATA[]]></message><stack-trace><![CDATA[None]]></stack-trace></failure><reason><message><![CDATA[]]></message></reason><output><![CDATA[]]></output></test-case><test-case id="204" name="tests/test_span_generator.py::test_one_replacement[my name is {{FOO}}-my name is bar]" fullname="tests/test_span_generator.py::test_one_replacement[my name is {{FOO}}-my name is bar]" methodname="test_one_replacement[my name is {{FOO}}-my name is bar]" classname="tests/test_span_generator.py" runstate="Runnable" seed="1" result="Passed" label="" start-time="2024-11-26 08:29:44.842412" end-time="2024-11-26 08:29:44.842639" duration="0.000227" asserts="0"><properties><property name="python-version" value="3.9.6 (default, Oct  4 2024, 08:01:31) &#10;[Clang 16.0.0 (clang-1600.0.26.4)]" /><property name="fspath" value="tests/test_span_generator.py" /></properties><environment framework-version="3.6.2" clr-version="3.9.6 (default, Oct  4 2024, 08:01:31) &#10;[Clang 16.0.0 (clang-1600.0.26.4)]" os-version="24.1.0" platform="Darwin" cwd="/Users/omri.mendels/Library/CloudStorage/OneDrive-Microsoft/Projects/presidio/code/presidio-research" machine-name="arm64" user="" user-domain="" culture="en-US" uiculture="en-US" os-architecture="64bit" /><failure><message><![CDATA[]]></message><stack-trace><![CDATA[None]]></stack-trace></failure><reason><message><![CDATA[]]></message></reason><output><![CDATA[]]></output></test-case><test-case id="205" name="tests/test_span_generator.py::test_multiple_replacements" fullname="tests/test_span_generator.py::test_multiple_replacements" methodname="test_multiple_replacements" classname="tests/test_span_generator.py" runstate="Runnable" seed="1" result="Passed" label="" start-time="2024-11-26 08:29:44.842829" end-time="2024-11-26 08:29:44.843061" duration="0.000232" asserts="0"><properties><property name="python-version" value="3.9.6 (default, Oct  4 2024, 08:01:31) &#10;[Clang 16.0.0 (clang-1600.0.26.4)]" /><property name="fspath" value="tests/test_span_generator.py" /></properties><environment framework-version="3.6.2" clr-version="3.9.6 (default, Oct  4 2024, 08:01:31) &#10;[Clang 16.0.0 (clang-1600.0.26.4)]" os-version="24.1.0" platform="Darwin" cwd="/Users/omri.mendels/Library/CloudStorage/OneDrive-Microsoft/Projects/presidio/code/presidio-research" machine-name="arm64" user="" user-domain="" culture="en-US" uiculture="en-US" os-architecture="64bit" /><failure><message><![CDATA[]]></message><stack-trace><![CDATA[None]]></stack-trace></failure><reason><message><![CDATA[]]></message></reason><output><![CDATA[]]></output></test-case><test-case id="206" name="tests/test_span_generator.py::test_spans_result_repr" fullname="tests/test_span_generator.py::test_spans_result_repr" methodname="test_spans_result_repr" classname="tests/test_span_generator.py" runstate="Runnable" seed="1" result="Passed" label="" start-time="2024-11-26 08:29:44.843233" end-time="2024-11-26 08:29:44.843474" duration="0.000241" asserts="0"><properties><property name="python-version" value="3.9.6 (default, Oct  4 2024, 08:01:31) &#10;[Clang 16.0.0 (clang-1600.0.26.4)]" /><property name="fspath" value="tests/test_span_generator.py" /></properties><environment framework-version="3.6.2" clr-version="3.9.6 (default, Oct  4 2024, 08:01:31) &#10;[Clang 16.0.0 (clang-1600.0.26.4)]" os-version="24.1.0" platform="Darwin" cwd="/Users/omri.mendels/Library/CloudStorage/OneDrive-Microsoft/Projects/presidio/code/presidio-research" machine-name="arm64" user="" user-domain="" culture="en-US" uiculture="en-US" os-architecture="64bit" /><failure><message><![CDATA[]]></message><stack-trace><![CDATA[None]]></stack-trace></failure><reason><message><![CDATA[]]></message></reason><output><![CDATA[]]></output></test-case><test-case id="207" name="tests/test_span_generator.py::test_no_replacements" fullname="tests/test_span_generator.py::test_no_replacements" methodname="test_no_replacements" classname="tests/test_span_generator.py" runstate="Runnable" seed="1" result="Passed" label="" start-time="2024-11-26 08:29:44.843654" end-time="2024-11-26 08:29:44.843857" duration="0.000203" asserts="0"><properties><property name="python-version" value="3.9.6 (default, Oct  4 2024, 08:01:31) &#10;[Clang 16.0.0 (clang-1600.0.26.4)]" /><property name="fspath" value="tests/test_span_generator.py" /></properties><environment framework-version="3.6.2" clr-version="3.9.6 (default, Oct  4 2024, 08:01:31) &#10;[Clang 16.0.0 (clang-1600.0.26.4)]" os-version="24.1.0" platform="Darwin" cwd="/Users/omri.mendels/Library/CloudStorage/OneDrive-Microsoft/Projects/presidio/code/presidio-research" machine-name="arm64" user="" user-domain="" culture="en-US" uiculture="en-US" os-architecture="64bit" /><failure><message><![CDATA[]]></message><stack-trace><![CDATA[None]]></stack-trace></failure><reason><message><![CDATA[]]></message></reason><output><![CDATA[]]></output></test-case><test-case id="208" name="tests/test_span_generator.py::test_without_spans" fullname="tests/test_span_generator.py::test_without_spans" methodname="test_without_spans" classname="tests/test_span_generator.py" runstate="Runnable" seed="1" result="Passed" label="" start-time="2024-11-26 08:29:44.844034" end-time="2024-11-26 08:29:44.844241" duration="0.000207" asserts="0"><properties><property name="python-version" value="3.9.6 (default, Oct  4 2024, 08:01:31) &#10;[Clang 16.0.0 (clang-1600.0.26.4)]" /><property name="fspath" value="tests/test_span_generator.py" /></properties><environment framework-version="3.6.2" clr-version="3.9.6 (default, Oct  4 2024, 08:01:31) &#10;[Clang 16.0.0 (clang-1600.0.26.4)]" os-version="24.1.0" platform="Darwin" cwd="/Users/omri.mendels/Library/CloudStorage/OneDrive-Microsoft/Projects/presidio/code/presidio-research" machine-name="arm64" user="" user-domain="" culture="en-US" uiculture="en-US" os-architecture="64bit" /><failure><message><![CDATA[]]></message><stack-trace><![CDATA[None]]></stack-trace></failure><reason><message><![CDATA[]]></message></reason><output><![CDATA[]]></output></test-case><test-case id="209" name="tests/test_span_generator.py::test_generated_text_contains_spans_text" fullname="tests/test_span_generator.py::test_generated_text_contains_spans_text" methodname="test_generated_text_contains_spans_text" classname="tests/test_span_generator.py" runstate="Runnable" seed="1" result="Passed" label="" start-time="2024-11-26 08:29:44.844422" end-time="2024-11-26 08:29:44.844883" duration="0.000461" asserts="0"><properties><property name="python-version" value="3.9.6 (default, Oct  4 2024, 08:01:31) &#10;[Clang 16.0.0 (clang-1600.0.26.4)]" /><property name="fspath" value="tests/test_span_generator.py" /></properties><environment framework-version="3.6.2" clr-version="3.9.6 (default, Oct  4 2024, 08:01:31) &#10;[Clang 16.0.0 (clang-1600.0.26.4)]" os-version="24.1.0" platform="Darwin" cwd="/Users/omri.mendels/Library/CloudStorage/OneDrive-Microsoft/Projects/presidio/code/presidio-research" machine-name="arm64" user="" user-domain="" culture="en-US" uiculture="en-US" os-architecture="64bit" /><failure><message><![CDATA[]]></message><stack-trace><![CDATA[None]]></stack-trace></failure><reason><message><![CDATA[]]></message></reason><output><![CDATA[]]></output></test-case><test-case id="210" name="tests/test_span_generator.py::test_generated_text_duplicate_types_returns_different_results[{{name}} My name is {{name}}- My name is ]" fullname="tests/test_span_generator.py::test_generated_text_duplicate_types_returns_different_results[{{name}} My name is {{name}}- My name is ]" methodname="test_generated_text_duplicate_types_returns_different_results[{{name}} My name is {{name}}- My name is ]" classname="tests/test_span_generator.py" runstate="Runnable" seed="1" result="Passed" label="" start-time="2024-11-26 08:29:44.845113" end-time="2024-11-26 08:29:44.845488" duration="0.000375" asserts="0"><properties><property name="python-version" value="3.9.6 (default, Oct  4 2024, 08:01:31) &#10;[Clang 16.0.0 (clang-1600.0.26.4)]" /><property name="fspath" value="tests/test_span_generator.py" /></properties><environment framework-version="3.6.2" clr-version="3.9.6 (default, Oct  4 2024, 08:01:31) &#10;[Clang 16.0.0 (clang-1600.0.26.4)]" os-version="24.1.0" platform="Darwin" cwd="/Users/omri.mendels/Library/CloudStorage/OneDrive-Microsoft/Projects/presidio/code/presidio-research" machine-name="arm64" user="" user-domain="" culture="en-US" uiculture="en-US" os-architecture="64bit" /><failure><message><![CDATA[]]></message><stack-trace><![CDATA[None]]></stack-trace></failure><reason><message><![CDATA[]]></message></reason><output><![CDATA[]]></output></test-case><test-case id="211" name="tests/test_span_generator.py::test_generated_text_duplicate_types_returns_different_results[a b {{name}}{{name}}{{name}}-a b ]" fullname="tests/test_span_generator.py::test_generated_text_duplicate_types_returns_different_results[a b {{name}}{{name}}{{name}}-a b ]" methodname="test_generated_text_duplicate_types_returns_different_results[a b {{name}}{{name}}{{name}}-a b ]" classname="tests/test_span_generator.py" runstate="Runnable" seed="1" result="Passed" label="" start-time="2024-11-26 08:29:44.845712" end-time="2024-11-26 08:29:44.846153" duration="0.000441" asserts="0"><properties><property name="python-version" value="3.9.6 (default, Oct  4 2024, 08:01:31) &#10;[Clang 16.0.0 (clang-1600.0.26.4)]" /><property name="fspath" value="tests/test_span_generator.py" /></properties><environment framework-version="3.6.2" clr-version="3.9.6 (default, Oct  4 2024, 08:01:31) &#10;[Clang 16.0.0 (clang-1600.0.26.4)]" os-version="24.1.0" platform="Darwin" cwd="/Users/omri.mendels/Library/CloudStorage/OneDrive-Microsoft/Projects/presidio/code/presidio-research" machine-name="arm64" user="" user-domain="" culture="en-US" uiculture="en-US" os-architecture="64bit" /><failure><message><![CDATA[]]></message><stack-trace><![CDATA[None]]></stack-trace></failure><reason><message><![CDATA[]]></message></reason><output><![CDATA[]]></output></test-case><test-case id="212" name="tests/test_span_generator.py::test_generated_text_duplicate_types_returns_different_results[...{{name}}{{name}} {{name}}...-... ...]" fullname="tests/test_span_generator.py::test_generated_text_duplicate_types_returns_different_results[...{{name}}{{name}} {{name}}...-... ...]" methodname="test_generated_text_duplicate_types_returns_different_results[...{{name}}{{name}} {{name}}...-... ...]" classname="tests/test_span_generator.py" runstate="Runnable" seed="1" result="Passed" label="" start-time="2024-11-26 08:29:44.846377" end-time="2024-11-26 08:29:44.846819" duration="0.000442" asserts="0"><properties><property name="python-version" value="3.9.6 (default, Oct  4 2024, 08:01:31) &#10;[Clang 16.0.0 (clang-1600.0.26.4)]" /><property name="fspath" value="tests/test_span_generator.py" /></properties><environment framework-version="3.6.2" clr-version="3.9.6 (default, Oct  4 2024, 08:01:31) &#10;[Clang 16.0.0 (clang-1600.0.26.4)]" os-version="24.1.0" platform="Darwin" cwd="/Users/omri.mendels/Library/CloudStorage/OneDrive-Microsoft/Projects/presidio/code/presidio-research" machine-name="arm64" user="" user-domain="" culture="en-US" uiculture="en-US" os-architecture="64bit" /><failure><message><![CDATA[]]></message><stack-trace><![CDATA[None]]></stack-trace></failure><reason><message><![CDATA[]]></message></reason><output><![CDATA[]]></output></test-case><environment framework-version="3.6.2" clr-version="3.9.6 (default, Oct  4 2024, 08:01:31) &#10;[Clang 16.0.0 (clang-1600.0.26.4)]" os-version="24.1.0" platform="Darwin" cwd="/Users/omri.mendels/Library/CloudStorage/OneDrive-Microsoft/Projects/presidio/code/presidio-research" machine-name="arm64" user="" user-domain="" culture="en-US" uiculture="en-US" os-architecture="64bit" /></test-suite></test-run>